Working on mtstpEci41_
	STAR --runMode alignReads --outSAMtype BAM Unsorted --runThreadN 20 --readFilesCommand zcat --genomeDir /home/jdubos2/mtstp/data/oe_genome/star_index --outFileNamePrefix /home/jdubos2/mtstp/data/oe_star_alignment_results/mtstpEci41_ --readFilesIn /home/jdubos2/mtstp/data/raw_sequences/mtstpEci41_1.fq.gz /home/jdubos2/mtstp/data/raw_sequences/mtstpEci41_2.fq.gz --quantMode GeneCounts
	STAR version: 2.7.11a   compiled: 2023-08-15T11:38:34-04:00 :/home/dobin/data/STAR/STARcode/STAR.master/source
Sep 19 11:49:13 ..... started STAR run
Sep 19 11:49:13 ..... loading genome
Sep 19 11:49:14 ..... started mapping
Sep 19 20:54:29 ..... finished mapping
Sep 19 20:54:29 ..... finished successfully
Completed mtstpEci41_
Working on mtstpEci42_
	STAR --runMode alignReads --outSAMtype BAM Unsorted --runThreadN 20 --readFilesCommand zcat --genomeDir /home/jdubos2/mtstp/data/oe_genome/star_index --outFileNamePrefix /home/jdubos2/mtstp/data/oe_star_alignment_results/mtstpEci42_ --readFilesIn /home/jdubos2/mtstp/data/raw_sequences/mtstpEci42_1.fq.gz /home/jdubos2/mtstp/data/raw_sequences/mtstpEci42_2.fq.gz --quantMode GeneCounts
	STAR version: 2.7.11a   compiled: 2023-08-15T11:38:34-04:00 :/home/dobin/data/STAR/STARcode/STAR.master/source
Sep 19 20:54:30 ..... started STAR run
Sep 19 20:54:30 ..... loading genome
Sep 19 20:54:32 ..... started mapping
Sep 20 06:46:52 ..... finished mapping
Sep 20 06:46:53 ..... finished successfully
Completed mtstpEci42_
Working on mtstpEci43_
	STAR --runMode alignReads --outSAMtype BAM Unsorted --runThreadN 20 --readFilesCommand zcat --genomeDir /home/jdubos2/mtstp/data/oe_genome/star_index --outFileNamePrefix /home/jdubos2/mtstp/data/oe_star_alignment_results/mtstpEci43_ --readFilesIn /home/jdubos2/mtstp/data/raw_sequences/mtstpEci43_1.fq.gz /home/jdubos2/mtstp/data/raw_sequences/mtstpEci43_2.fq.gz --quantMode GeneCounts
	STAR version: 2.7.11a   compiled: 2023-08-15T11:38:34-04:00 :/home/dobin/data/STAR/STARcode/STAR.master/source
Sep 20 06:46:53 ..... started STAR run
Sep 20 06:46:53 ..... loading genome
Sep 20 06:46:55 ..... started mapping
Sep 20 17:00:37 ..... finished mapping
Sep 20 17:00:37 ..... finished successfully
Completed mtstpEci43_
Working on mtstpEci44_
	STAR --runMode alignReads --outSAMtype BAM Unsorted --runThreadN 20 --readFilesCommand zcat --genomeDir /home/jdubos2/mtstp/data/oe_genome/star_index --outFileNamePrefix /home/jdubos2/mtstp/data/oe_star_alignment_results/mtstpEci44_ --readFilesIn /home/jdubos2/mtstp/data/raw_sequences/mtstpEci44_1.fq.gz /home/jdubos2/mtstp/data/raw_sequences/mtstpEci44_2.fq.gz --quantMode GeneCounts
	STAR version: 2.7.11a   compiled: 2023-08-15T11:38:34-04:00 :/home/dobin/data/STAR/STARcode/STAR.master/source
Sep 20 17:00:38 ..... started STAR run
Sep 20 17:00:38 ..... loading genome
Sep 20 17:00:40 ..... started mapping
Sep 21 03:27:50 ..... finished mapping
Sep 21 03:27:50 ..... finished successfully
Completed mtstpEci44_
Working on mtstpEci45_
	STAR --runMode alignReads --outSAMtype BAM Unsorted --runThreadN 20 --readFilesCommand zcat --genomeDir /home/jdubos2/mtstp/data/oe_genome/star_index --outFileNamePrefix /home/jdubos2/mtstp/data/oe_star_alignment_results/mtstpEci45_ --readFilesIn /home/jdubos2/mtstp/data/raw_sequences/mtstpEci45_1.fq.gz /home/jdubos2/mtstp/data/raw_sequences/mtstpEci45_2.fq.gz --quantMode GeneCounts
	STAR version: 2.7.11a   compiled: 2023-08-15T11:38:34-04:00 :/home/dobin/data/STAR/STARcode/STAR.master/source
Sep 21 03:27:50 ..... started STAR run
Sep 21 03:27:51 ..... loading genome
Sep 21 03:27:53 ..... started mapping
Sep 21 14:05:58 ..... finished mapping
Sep 21 14:05:58 ..... finished successfully
Completed mtstpEci45_
Working on mtstpLci57_
	STAR --runMode alignReads --outSAMtype BAM Unsorted --runThreadN 20 --readFilesCommand zcat --genomeDir /home/jdubos2/mtstp/data/oe_genome/star_index --outFileNamePrefix /home/jdubos2/mtstp/data/oe_star_alignment_results/mtstpLci57_ --readFilesIn /home/jdubos2/mtstp/data/raw_sequences/mtstpLci57_1.fq.gz /home/jdubos2/mtstp/data/raw_sequences/mtstpLci57_2.fq.gz --quantMode GeneCounts
	STAR version: 2.7.11a   compiled: 2023-08-15T11:38:34-04:00 :/home/dobin/data/STAR/STARcode/STAR.master/source
Sep 21 14:05:58 ..... started STAR run
Sep 21 14:05:58 ..... loading genome
Sep 21 14:06:00 ..... started mapping
Sep 22 00:16:50 ..... finished mapping
Sep 22 00:16:50 ..... finished successfully
Completed mtstpLci57_
Working on mtstpLci58_
	STAR --runMode alignReads --outSAMtype BAM Unsorted --runThreadN 20 --readFilesCommand zcat --genomeDir /home/jdubos2/mtstp/data/oe_genome/star_index --outFileNamePrefix /home/jdubos2/mtstp/data/oe_star_alignment_results/mtstpLci58_ --readFilesIn /home/jdubos2/mtstp/data/raw_sequences/mtstpLci58_1.fq.gz /home/jdubos2/mtstp/data/raw_sequences/mtstpLci58_2.fq.gz --quantMode GeneCounts
	STAR version: 2.7.11a   compiled: 2023-08-15T11:38:34-04:00 :/home/dobin/data/STAR/STARcode/STAR.master/source
Sep 22 00:16:51 ..... started STAR run
Sep 22 00:16:51 ..... loading genome
Sep 22 00:16:53 ..... started mapping
Sep 22 08:15:11 ..... finished mapping
Sep 22 08:15:11 ..... finished successfully
Completed mtstpLci58_
Working on mtstpLci60_
	STAR --runMode alignReads --outSAMtype BAM Unsorted --runThreadN 20 --readFilesCommand zcat --genomeDir /home/jdubos2/mtstp/data/oe_genome/star_index --outFileNamePrefix /home/jdubos2/mtstp/data/oe_star_alignment_results/mtstpLci60_ --readFilesIn /home/jdubos2/mtstp/data/raw_sequences/mtstpLci60_1.fq.gz /home/jdubos2/mtstp/data/raw_sequences/mtstpLci60_2.fq.gz --quantMode GeneCounts
	STAR version: 2.7.11a   compiled: 2023-08-15T11:38:34-04:00 :/home/dobin/data/STAR/STARcode/STAR.master/source
Sep 22 08:15:11 ..... started STAR run
Sep 22 08:15:11 ..... loading genome
Sep 22 08:15:14 ..... started mapping
slurmstepd-bio: error: *** JOB 58376 ON bio CANCELLED AT 2023-09-22T11:49:21 DUE TO TIME LIMIT ***
