Working on mtstp3ci9
Total unique ids: 23425548
sample:/home/jdubos2/mtstp/data/unambiguous_reads/mtstp3ci9_unambiguous_1.fq kept:23425548 ambiguous:1897746
Writing output
Compressing output
sample:/home/jdubos2/mtstp/data/unambiguous_reads/mtstp3ci9_unambiguous_2.fq kept:23425548 ambiguous:1897746
Writing output
Compressing output
Working on mtstp5ii112
Total unique ids: 24933289
sample:/home/jdubos2/mtstp/data/unambiguous_reads/mtstp5ii112_unambiguous_1.fq kept:24933289 ambiguous:1953764
Writing output
Compressing output
sample:/home/jdubos2/mtstp/data/unambiguous_reads/mtstp5ii112_unambiguous_2.fq kept:24933289 ambiguous:1953764
Writing output
Compressing output
Working on mtstpAii153
Total unique ids: 29224993
sample:/home/jdubos2/mtstp/data/unambiguous_reads/mtstpAii153_unambiguous_1.fq kept:29224993 ambiguous:2450754
Writing output
Compressing output
sample:/home/jdubos2/mtstp/data/unambiguous_reads/mtstpAii153_unambiguous_2.fq kept:29224993 ambiguous:2450754
Writing output
Compressing output
Working on mtstpEci43
Total unique ids: 21704346
sample:/home/jdubos2/mtstp/data/unambiguous_reads/mtstpEci43_unambiguous_1.fq kept:21704346 ambiguous:1366776
Writing output
Compressing output
sample:/home/jdubos2/mtstp/data/unambiguous_reads/mtstpEci43_unambiguous_2.fq kept:21704346 ambiguous:1366776
Writing output
Compressing output
