Working on mtstpAci77
Total unique ids: 21394064
sample:/home/jdubos2/mtstp/data/unambiguous_reads/mtstpAci77_unambiguous_1.fq kept:21394064 ambiguous:2038431
Writing output
Compressing output
sample:/home/jdubos2/mtstp/data/unambiguous_reads/mtstpAci77_unambiguous_2.fq kept:21394064 ambiguous:2038431
Writing output
Compressing output
Working on mtstpLci58
Total unique ids: 18794402
sample:/home/jdubos2/mtstp/data/unambiguous_reads/mtstpLci58_unambiguous_1.fq kept:18794402 ambiguous:1439581
Writing output
Compressing output
sample:/home/jdubos2/mtstp/data/unambiguous_reads/mtstpLci58_unambiguous_2.fq kept:18794402 ambiguous:1439581
Writing output
Compressing output
Working on mtstpEci41
Total unique ids: 23316912
sample:/home/jdubos2/mtstp/data/unambiguous_reads/mtstpEci41_unambiguous_1.fq kept:23316912 ambiguous:1518606
Writing output
Compressing output
sample:/home/jdubos2/mtstp/data/unambiguous_reads/mtstpEci41_unambiguous_2.fq kept:23316912 ambiguous:1518606
Writing output
Compressing output
Working on mtstpLci60
Total unique ids: 23506284
sample:/home/jdubos2/mtstp/data/unambiguous_reads/mtstpLci60_unambiguous_1.fq kept:23506284 ambiguous:1402568
Writing output
Compressing output
sample:/home/jdubos2/mtstp/data/unambiguous_reads/mtstpLci60_unambiguous_2.fq kept:23506284 ambiguous:1402568
Writing output
Compressing output
