Working on mtstpLci57_
	STAR --runMode alignReads --outSAMtype BAM Unsorted --runThreadN 20 --readFilesCommand zcat --genomeDir /home/jdubos2/mtstp/data/oe_genome/star_index --outFileNamePrefix /home/jdubos2/mtstp/data/oe_star_alignment_results/mtstpLci57_ --readFilesIn /home/jdubos2/mtstp/data/raw_sequences/mtstpLci57_1.fq.gz /home/jdubos2/mtstp/data/raw_sequences/mtstpLci57_2.fq.gz --quantMode GeneCounts
	STAR version: 2.7.11a   compiled: 2023-08-15T11:38:34-04:00 :/home/dobin/data/STAR/STARcode/STAR.master/source
Sep 21 11:19:03 ..... started STAR run
Sep 21 11:19:03 ..... loading genome
Sep 21 11:19:05 ..... started mapping
Sep 21 21:16:07 ..... finished mapping
Sep 21 21:16:08 ..... finished successfully
Completed mtstpLci57_
Working on mtstpLci58_
	STAR --runMode alignReads --outSAMtype BAM Unsorted --runThreadN 20 --readFilesCommand zcat --genomeDir /home/jdubos2/mtstp/data/oe_genome/star_index --outFileNamePrefix /home/jdubos2/mtstp/data/oe_star_alignment_results/mtstpLci58_ --readFilesIn /home/jdubos2/mtstp/data/raw_sequences/mtstpLci58_1.fq.gz /home/jdubos2/mtstp/data/raw_sequences/mtstpLci58_2.fq.gz --quantMode GeneCounts
	STAR version: 2.7.11a   compiled: 2023-08-15T11:38:34-04:00 :/home/dobin/data/STAR/STARcode/STAR.master/source
Sep 21 21:16:08 ..... started STAR run
Sep 21 21:16:08 ..... loading genome
Sep 21 21:16:10 ..... started mapping
Sep 22 04:20:08 ..... finished mapping
Sep 22 04:20:08 ..... finished successfully
Completed mtstpLci58_
Working on mtstpLci60_
	STAR --runMode alignReads --outSAMtype BAM Unsorted --runThreadN 20 --readFilesCommand zcat --genomeDir /home/jdubos2/mtstp/data/oe_genome/star_index --outFileNamePrefix /home/jdubos2/mtstp/data/oe_star_alignment_results/mtstpLci60_ --readFilesIn /home/jdubos2/mtstp/data/raw_sequences/mtstpLci60_1.fq.gz /home/jdubos2/mtstp/data/raw_sequences/mtstpLci60_2.fq.gz --quantMode GeneCounts
	STAR version: 2.7.11a   compiled: 2023-08-15T11:38:34-04:00 :/home/dobin/data/STAR/STARcode/STAR.master/source
Sep 22 04:20:08 ..... started STAR run
Sep 22 04:20:09 ..... loading genome
Sep 22 04:20:10 ..... started mapping
Sep 22 12:14:47 ..... finished mapping
Sep 22 12:14:47 ..... finished successfully
Completed mtstpLci60_
Working on mtstpLci64_
	STAR --runMode alignReads --outSAMtype BAM Unsorted --runThreadN 20 --readFilesCommand zcat --genomeDir /home/jdubos2/mtstp/data/oe_genome/star_index --outFileNamePrefix /home/jdubos2/mtstp/data/oe_star_alignment_results/mtstpLci64_ --readFilesIn /home/jdubos2/mtstp/data/raw_sequences/mtstpLci64_1.fq.gz /home/jdubos2/mtstp/data/raw_sequences/mtstpLci64_2.fq.gz --quantMode GeneCounts
	STAR version: 2.7.11a   compiled: 2023-08-15T11:38:34-04:00 :/home/dobin/data/STAR/STARcode/STAR.master/source
Sep 22 12:14:47 ..... started STAR run
Sep 22 12:14:47 ..... loading genome
Sep 22 12:14:48 ..... started mapping
slurmstepd-bio: error: *** JOB 58387 ON bio CANCELLED AT 2023-09-22T13:12:43 ***
