Working on mtstpAii155
Total unique ids: 18723112
sample:/home/jdubos2/mtstp/data/unambiguous_reads/mtstpAii155_unambiguous_1.fq kept:18723112 ambiguous:1643449
Writing output
Compressing output
sample:/home/jdubos2/mtstp/data/unambiguous_reads/mtstpAii155_unambiguous_2.fq kept:18723112 ambiguous:1643449
Writing output
Compressing output
Working on mtstp5ci27
Total unique ids: 24178948
sample:/home/jdubos2/mtstp/data/unambiguous_reads/mtstp5ci27_unambiguous_1.fq kept:24178948 ambiguous:1732156
Writing output
Compressing output
sample:/home/jdubos2/mtstp/data/unambiguous_reads/mtstp5ci27_unambiguous_2.fq kept:24178948 ambiguous:1732156
Writing output
Compressing output
Working on mtstp3ii92
Total unique ids: 31369530
sample:/home/jdubos2/mtstp/data/unambiguous_reads/mtstp3ii92_unambiguous_1.fq kept:31369530 ambiguous:2665076
Writing output
Compressing output
sample:/home/jdubos2/mtstp/data/unambiguous_reads/mtstp3ii92_unambiguous_2.fq kept:31369530 ambiguous:2665076
Writing output
Compressing output
Working on mtstp3ci10
Total unique ids: 27020237
sample:/home/jdubos2/mtstp/data/unambiguous_reads/mtstp3ci10_unambiguous_1.fq kept:27020237 ambiguous:2374821
Writing output
Compressing output
sample:/home/jdubos2/mtstp/data/unambiguous_reads/mtstp3ci10_unambiguous_2.fq kept:27020237 ambiguous:2374821
Writing output
Compressing output
