Working on mtstp5ci25
Total unique ids: 31304443
sample:/home/jdubos2/mtstp/data/unambiguous_reads/mtstp5ci25_unambiguous_1.fq kept:31304443 ambiguous:2389343
Writing output
Compressing output
sample:/home/jdubos2/mtstp/data/unambiguous_reads/mtstp5ci25_unambiguous_2.fq kept:31304443 ambiguous:2389343
Writing output
Compressing output
Working on mtstpEii125
Total unique ids: 21430236
sample:/home/jdubos2/mtstp/data/unambiguous_reads/mtstpEii125_unambiguous_1.fq kept:21430236 ambiguous:1303545
Writing output
Compressing output
sample:/home/jdubos2/mtstp/data/unambiguous_reads/mtstpEii125_unambiguous_2.fq kept:21430236 ambiguous:1303545
Writing output
Compressing output
Working on mtstpLci57
Total unique ids: 21731031
sample:/home/jdubos2/mtstp/data/unambiguous_reads/mtstpLci57_unambiguous_1.fq kept:21731031 ambiguous:1726467
Writing output
Compressing output
sample:/home/jdubos2/mtstp/data/unambiguous_reads/mtstpLci57_unambiguous_2.fq kept:21731031 ambiguous:1726467
Writing output
Compressing output
Working on mtstp3ii94
Total unique ids: 21480889
sample:/home/jdubos2/mtstp/data/unambiguous_reads/mtstp3ii94_unambiguous_1.fq kept:21480889 ambiguous:1791615
Writing output
Compressing output
sample:/home/jdubos2/mtstp/data/unambiguous_reads/mtstp3ii94_unambiguous_2.fq kept:21480889 ambiguous:1791615
Writing output
Compressing output
