Working on mtstp3ci10
Completed mtstp3ci10
Working on mtstp3ci11
Completed mtstp3ci11
Working on mtstp3ci12
Completed mtstp3ci12
Working on mtstp3ci13
Completed mtstp3ci13
Working on mtstp3ci9
Completed mtstp3ci9
Working on mtstp3ii89
Completed mtstp3ii89
Working on mtstp3ii90
Completed mtstp3ii90
Working on mtstp3ii92
Completed mtstp3ii92
Working on mtstp3ii94
Completed mtstp3ii94
Working on mtstp5ci25
[E::bgzf_read] Read block operation failed with error 2 after 0 of 4 bytes
[main_samview] truncated file.
Completed mtstp5ci25
Working on mtstp5ci26
Completed mtstp5ci26
Working on mtstp5ci27
[E::bgzf_read] Read block operation failed with error 2 after 0 of 4 bytes
[main_samview] truncated file.
Completed mtstp5ci27
Working on mtstp5ci28
[E::bgzf_read] Read block operation failed with error 2 after 0 of 4 bytes
[main_samview] truncated file.
Completed mtstp5ci28
Working on mtstp5ii105
Completed mtstp5ii105
Working on mtstp5ii107
Completed mtstp5ii107
Working on mtstp5ii108
Completed mtstp5ii108
Working on mtstp5ii109
Completed mtstp5ii109
Working on mtstp5ii112
Completed mtstp5ii112
Working on mtstpAci73
Completed mtstpAci73
Working on mtstpAci74
Completed mtstpAci74
Working on mtstpAci75
Completed mtstpAci75
Working on mtstpAci76
Completed mtstpAci76
Working on mtstpAci77
Completed mtstpAci77
Working on mtstpAii153
Completed mtstpAii153
Working on mtstpAii154
Completed mtstpAii154
Working on mtstpAii155
Completed mtstpAii155
Working on mtstpAii156
Completed mtstpAii156
Working on mtstpAii157
Completed mtstpAii157
Working on mtstpEci41
Completed mtstpEci41
Working on mtstpEci42
Completed mtstpEci42
Working on mtstpEci43
Completed mtstpEci43
Working on mtstpEci44
Completed mtstpEci44
Working on mtstpEci45
Completed mtstpEci45
Working on mtstpEii121
Completed mtstpEii121
Working on mtstpEii122
Completed mtstpEii122
Working on mtstpEii123
Completed mtstpEii123
Working on mtstpEii124
Completed mtstpEii124
Working on mtstpEii125
Completed mtstpEii125
Working on mtstpLci57
[E::bgzf_read] Read block operation failed with error 2 after 0 of 4 bytes
[main_samview] truncated file.
Completed mtstpLci57
Working on mtstpLci58
Completed mtstpLci58
Working on mtstpLci60
[E::bgzf_read] Read block operation failed with error 2 after 0 of 4 bytes
[main_samview] truncated file.
Completed mtstpLci60
Working on mtstpLci64
Completed mtstpLci64
Working on mtstpLii137
Completed mtstpLii137
Working on mtstpLii138
Completed mtstpLii138
Working on mtstpLii140
Completed mtstpLii140
Working on mtstpLii141
Completed mtstpLii141
