Working on mtstp3ci12
Total unique ids: 21321916
sample:/home/jdubos2/mtstp/data/unambiguous_reads/mtstp3ci12_unambiguous_1.fq kept:21321916 ambiguous:1722715
Writing output
Compressing output
sample:/home/jdubos2/mtstp/data/unambiguous_reads/mtstp3ci12_unambiguous_2.fq kept:21321916 ambiguous:1722715
Writing output
Compressing output
Working on mtstp3ii89
Total unique ids: 20969364
sample:/home/jdubos2/mtstp/data/unambiguous_reads/mtstp3ii89_unambiguous_1.fq kept:20969364 ambiguous:1861859
Writing output
Compressing output
sample:/home/jdubos2/mtstp/data/unambiguous_reads/mtstp3ii89_unambiguous_2.fq kept:20969364 ambiguous:1861859
Writing output
Compressing output
Working on mtstpAci75
Total unique ids: 19899056
sample:/home/jdubos2/mtstp/data/unambiguous_reads/mtstpAci75_unambiguous_1.fq kept:19899056 ambiguous:2483157
Writing output
Compressing output
sample:/home/jdubos2/mtstp/data/unambiguous_reads/mtstpAci75_unambiguous_2.fq kept:19899056 ambiguous:2483157
Writing output
Compressing output
Working on mtstp5ii105
Total unique ids: 27054576
sample:/home/jdubos2/mtstp/data/unambiguous_reads/mtstp5ii105_unambiguous_1.fq kept:27054576 ambiguous:1885610
Writing output
Compressing output
sample:/home/jdubos2/mtstp/data/unambiguous_reads/mtstp5ii105_unambiguous_2.fq kept:27054576 ambiguous:1885610
Writing output
Compressing output
Working on mtstp5ci28
Total unique ids: 21672188
sample:/home/jdubos2/mtstp/data/unambiguous_reads/mtstp5ci28_unambiguous_1.fq kept:21672188 ambiguous:1727544
Writing output
Compressing output
sample:/home/jdubos2/mtstp/data/unambiguous_reads/mtstp5ci28_unambiguous_2.fq kept:21672188 ambiguous:1727544
Writing output
Compressing output
