Working on mtstpAci73_
	STAR --runMode alignReads --outSAMtype BAM Unsorted --runThreadN 20 --readFilesCommand zcat --genomeDir /home/jdubos2/mtstp/data/oe_genome/star_index --outFileNamePrefix /home/jdubos2/mtstp/data/oe_star_alignment_results/mtstpAci73_ --readFilesIn /home/jdubos2/mtstp/data/raw_sequences/mtstpAci73_1.fq.gz /home/jdubos2/mtstp/data/raw_sequences/mtstpAci73_2.fq.gz --quantMode GeneCounts
	STAR version: 2.7.11a   compiled: 2023-08-15T11:38:34-04:00 :/home/dobin/data/STAR/STARcode/STAR.master/source
Sep 19 11:43:23 ..... started STAR run
Sep 19 11:43:23 ..... loading genome
Sep 19 11:43:24 ..... started mapping
Sep 19 18:46:57 ..... finished mapping
Sep 19 18:46:58 ..... finished successfully
Completed mtstpAci73_
Working on mtstpAci74_
	STAR --runMode alignReads --outSAMtype BAM Unsorted --runThreadN 20 --readFilesCommand zcat --genomeDir /home/jdubos2/mtstp/data/oe_genome/star_index --outFileNamePrefix /home/jdubos2/mtstp/data/oe_star_alignment_results/mtstpAci74_ --readFilesIn /home/jdubos2/mtstp/data/raw_sequences/mtstpAci74_1.fq.gz /home/jdubos2/mtstp/data/raw_sequences/mtstpAci74_2.fq.gz --quantMode GeneCounts
	STAR version: 2.7.11a   compiled: 2023-08-15T11:38:34-04:00 :/home/dobin/data/STAR/STARcode/STAR.master/source
Sep 19 18:46:58 ..... started STAR run
Sep 19 18:46:58 ..... loading genome
Sep 19 18:47:00 ..... started mapping
Sep 20 04:04:08 ..... finished mapping
Sep 20 04:04:08 ..... finished successfully
Completed mtstpAci74_
Working on mtstpAci75_
	STAR --runMode alignReads --outSAMtype BAM Unsorted --runThreadN 20 --readFilesCommand zcat --genomeDir /home/jdubos2/mtstp/data/oe_genome/star_index --outFileNamePrefix /home/jdubos2/mtstp/data/oe_star_alignment_results/mtstpAci75_ --readFilesIn /home/jdubos2/mtstp/data/raw_sequences/mtstpAci75_1.fq.gz /home/jdubos2/mtstp/data/raw_sequences/mtstpAci75_2.fq.gz --quantMode GeneCounts
	STAR version: 2.7.11a   compiled: 2023-08-15T11:38:34-04:00 :/home/dobin/data/STAR/STARcode/STAR.master/source
Sep 20 04:04:08 ..... started STAR run
Sep 20 04:04:09 ..... loading genome
Sep 20 04:04:11 ..... started mapping
Sep 20 14:04:51 ..... finished mapping
Sep 20 14:04:51 ..... finished successfully
Completed mtstpAci75_
Working on mtstpAci76_
	STAR --runMode alignReads --outSAMtype BAM Unsorted --runThreadN 20 --readFilesCommand zcat --genomeDir /home/jdubos2/mtstp/data/oe_genome/star_index --outFileNamePrefix /home/jdubos2/mtstp/data/oe_star_alignment_results/mtstpAci76_ --readFilesIn /home/jdubos2/mtstp/data/raw_sequences/mtstpAci76_1.fq.gz /home/jdubos2/mtstp/data/raw_sequences/mtstpAci76_2.fq.gz --quantMode GeneCounts
	STAR version: 2.7.11a   compiled: 2023-08-15T11:38:34-04:00 :/home/dobin/data/STAR/STARcode/STAR.master/source
Sep 20 14:04:52 ..... started STAR run
Sep 20 14:04:52 ..... loading genome
Sep 20 14:04:54 ..... started mapping
Sep 21 01:25:28 ..... finished mapping
Sep 21 01:25:28 ..... finished successfully
Completed mtstpAci76_
Working on mtstpAci77_
	STAR --runMode alignReads --outSAMtype BAM Unsorted --runThreadN 20 --readFilesCommand zcat --genomeDir /home/jdubos2/mtstp/data/oe_genome/star_index --outFileNamePrefix /home/jdubos2/mtstp/data/oe_star_alignment_results/mtstpAci77_ --readFilesIn /home/jdubos2/mtstp/data/raw_sequences/mtstpAci77_1.fq.gz /home/jdubos2/mtstp/data/raw_sequences/mtstpAci77_2.fq.gz --quantMode GeneCounts
	STAR version: 2.7.11a   compiled: 2023-08-15T11:38:34-04:00 :/home/dobin/data/STAR/STARcode/STAR.master/source
Sep 21 01:25:29 ..... started STAR run
Sep 21 01:25:29 ..... loading genome
Sep 21 01:25:31 ..... started mapping
Sep 21 11:51:45 ..... finished mapping
Sep 21 11:51:45 ..... finished successfully
Completed mtstpAci77_
