Working on mtstp3ci10
Working on mtstp3ci11
Working on mtstp3ci12
Working on mtstp3ci13
Working on mtstp3ci9
Working on mtstp3ii89
Working on mtstp3ii90
Working on mtstp3ii92
Working on mtstp3ii94
Working on mtstp5ci25
Working on mtstp5ci26
Working on mtstp5ci27
Working on mtstp5ci28
Working on mtstp5ii105
Working on mtstp5ii107
Working on mtstp5ii108
Working on mtstp5ii109
Working on mtstp5ii112
Working on mtstpAci73
Working on mtstpAci74
Working on mtstpAci75
Working on mtstpAci76
Working on mtstpAci77
Working on mtstpAii153
Working on mtstpAii154
Working on mtstpAii155
Working on mtstpAii156
Working on mtstpAii157
Working on mtstpEci41
Working on mtstpEci42
Working on mtstpEci43
Working on mtstpEci44
Working on mtstpEci45
Working on mtstpEii121
Working on mtstpEii122
Working on mtstpEii123
Working on mtstpEii124
Working on mtstpEii125
Working on mtstpLci57
Working on mtstpLci58
Working on mtstpLci60
Working on mtstpLci64
Working on mtstpLii137
Working on mtstpLii138
Working on mtstpLii140
Working on mtstpLii141
