Working on mtstpLci58_
	STAR --runMode alignReads --outSAMtype BAM Unsorted --runThreadN 20 --readFilesCommand zcat --genomeDir /home/jdubos2/mtstp/data/oe_genome/star_index --outFileNamePrefix /home/jdubos2/mtstp/data/oe_star_alignment_results/mtstpLci58_ --readFilesIn /home/jdubos2/mtstp/data/raw_sequences/mtstpLci58_1.fq.gz /home/jdubos2/mtstp/data/raw_sequences/mtstpLci58_2.fq.gz --quantMode GeneCounts
	STAR version: 2.7.11a   compiled: 2023-08-15T11:38:34-04:00 :/home/dobin/data/STAR/STARcode/STAR.master/source
Sep 21 11:20:04 ..... started STAR run
Sep 21 11:20:04 ..... loading genome
Sep 21 11:20:06 ..... started mapping
Sep 21 21:06:29 ..... finished mapping
Sep 21 21:06:29 ..... finished successfully
Completed mtstpLci58_
Working on mtstpLci60_
	STAR --runMode alignReads --outSAMtype BAM Unsorted --runThreadN 20 --readFilesCommand zcat --genomeDir /home/jdubos2/mtstp/data/oe_genome/star_index --outFileNamePrefix /home/jdubos2/mtstp/data/oe_star_alignment_results/mtstpLci60_ --readFilesIn /home/jdubos2/mtstp/data/raw_sequences/mtstpLci60_1.fq.gz /home/jdubos2/mtstp/data/raw_sequences/mtstpLci60_2.fq.gz --quantMode GeneCounts
	STAR version: 2.7.11a   compiled: 2023-08-15T11:38:34-04:00 :/home/dobin/data/STAR/STARcode/STAR.master/source
Sep 21 21:06:29 ..... started STAR run
Sep 21 21:06:29 ..... loading genome
Sep 21 21:06:31 ..... started mapping
Sep 22 07:08:01 ..... finished mapping
Sep 22 07:08:01 ..... finished successfully
Completed mtstpLci60_
Working on mtstpLci64_
	STAR --runMode alignReads --outSAMtype BAM Unsorted --runThreadN 20 --readFilesCommand zcat --genomeDir /home/jdubos2/mtstp/data/oe_genome/star_index --outFileNamePrefix /home/jdubos2/mtstp/data/oe_star_alignment_results/mtstpLci64_ --readFilesIn /home/jdubos2/mtstp/data/raw_sequences/mtstpLci64_1.fq.gz /home/jdubos2/mtstp/data/raw_sequences/mtstpLci64_2.fq.gz --quantMode GeneCounts
	STAR version: 2.7.11a   compiled: 2023-08-15T11:38:34-04:00 :/home/dobin/data/STAR/STARcode/STAR.master/source
Sep 22 07:08:01 ..... started STAR run
Sep 22 07:08:02 ..... loading genome
Sep 22 07:08:04 ..... started mapping
slurmstepd-bio: error: *** JOB 58388 ON bio CANCELLED AT 2023-09-22T13:12:46 ***
