Working on mtstp5ii108
Total unique ids: 19270190
sample:/home/jdubos2/mtstp/data/unambiguous_reads/mtstp5ii108_unambiguous_1.fq kept:19270190 ambiguous:1616509
Writing output
Compressing output
sample:/home/jdubos2/mtstp/data/unambiguous_reads/mtstp5ii108_unambiguous_2.fq kept:19270190 ambiguous:1616509
Writing output
Compressing output
Working on mtstpEii121
Total unique ids: 21008694
sample:/home/jdubos2/mtstp/data/unambiguous_reads/mtstpEii121_unambiguous_1.fq kept:21008694 ambiguous:1290222
Writing output
Compressing output
sample:/home/jdubos2/mtstp/data/unambiguous_reads/mtstpEii121_unambiguous_2.fq kept:21008694 ambiguous:1290222
Writing output
Compressing output
Working on mtstpEci42
Total unique ids: 20784741
sample:/home/jdubos2/mtstp/data/unambiguous_reads/mtstpEci42_unambiguous_1.fq kept:20784741 ambiguous:1288773
Writing output
Compressing output
sample:/home/jdubos2/mtstp/data/unambiguous_reads/mtstpEci42_unambiguous_2.fq kept:20784741 ambiguous:1288773
Writing output
Compressing output
Working on mtstpAii157
Total unique ids: 26835239
sample:/home/jdubos2/mtstp/data/unambiguous_reads/mtstpAii157_unambiguous_1.fq kept:26835239 ambiguous:2448458
Writing output
Compressing output
sample:/home/jdubos2/mtstp/data/unambiguous_reads/mtstpAii157_unambiguous_2.fq kept:26835239 ambiguous:2448458
Writing output
Compressing output
Working on mtstp5ci26
Total unique ids: 20785342
sample:/home/jdubos2/mtstp/data/unambiguous_reads/mtstp5ci26_unambiguous_1.fq kept:20785342 ambiguous:1769791
Writing output
Compressing output
sample:/home/jdubos2/mtstp/data/unambiguous_reads/mtstp5ci26_unambiguous_2.fq kept:20785342 ambiguous:1769791
Writing output
Compressing output
