Working on mtstp3ci10
Completed mtstp3ci10
Working on mtstp3ci11
Completed mtstp3ci11
Working on mtstp3ci12
Completed mtstp3ci12
Working on mtstp3ci13
Completed mtstp3ci13
Working on mtstp3ci9
Completed mtstp3ci9
Working on mtstp3cu2
Completed mtstp3cu2
Working on mtstp3cu3
Completed mtstp3cu3
Working on mtstp3cu4
Completed mtstp3cu4
Working on mtstp3cu5
Completed mtstp3cu5
Working on mtstp3cu8
Completed mtstp3cu8
Working on mtstp3ii89
Completed mtstp3ii89
Working on mtstp3ii90
Completed mtstp3ii90
Working on mtstp3ii92
Completed mtstp3ii92
Working on mtstp3ii94
Completed mtstp3ii94
Working on mtstp3iu81
Completed mtstp3iu81
Working on mtstp3iu82
Completed mtstp3iu82
Working on mtstp3iu83
Completed mtstp3iu83
Working on mtstp3iu84
Completed mtstp3iu84
Working on mtstp3iu85
Completed mtstp3iu85
Working on mtstp5ci25
Completed mtstp5ci25
Working on mtstp5ci26
Completed mtstp5ci26
Working on mtstp5ci27
Completed mtstp5ci27
Working on mtstp5ci28
Completed mtstp5ci28
Working on mtstp5cu17
Completed mtstp5cu17
Working on mtstp5cu18
Completed mtstp5cu18
Working on mtstp5cu19
Completed mtstp5cu19
Working on mtstp5cu20
slurmstepd-bio: error: *** JOB 58391 ON bio CANCELLED AT 2023-09-21T14:17:09 DUE TO TIME LIMIT ***
