Working on mtstpAci74_
	STAR --runMode alignReads --outSAMtype BAM Unsorted --runThreadN 20 --readFilesCommand zcat --genomeDir /home/jdubos2/mtstp/data/oe_genome/star_index --outFileNamePrefix /home/jdubos2/mtstp/data/oe_star_alignment_results/mtstpAci74_ --readFilesIn /home/jdubos2/mtstp/data/raw_sequences/mtstpAci74_1.fq.gz /home/jdubos2/mtstp/data/raw_sequences/mtstpAci74_2.fq.gz --quantMode GeneCounts
	STAR version: 2.7.11a   compiled: 2023-08-15T11:38:34-04:00 :/home/dobin/data/STAR/STARcode/STAR.master/source
Sep 22 13:13:51 ..... started STAR run
Sep 22 13:13:51 ..... loading genome
Sep 22 13:13:52 ..... started mapping
Sep 22 19:54:28 ..... finished mapping
Sep 22 19:54:28 ..... finished successfully
Completed mtstpAci74_
Working on mtstpLci60_
	STAR --runMode alignReads --outSAMtype BAM Unsorted --runThreadN 20 --readFilesCommand zcat --genomeDir /home/jdubos2/mtstp/data/oe_genome/star_index --outFileNamePrefix /home/jdubos2/mtstp/data/oe_star_alignment_results/mtstpLci60_ --readFilesIn /home/jdubos2/mtstp/data/raw_sequences/mtstpLci60_1.fq.gz /home/jdubos2/mtstp/data/raw_sequences/mtstpLci60_2.fq.gz --quantMode GeneCounts
	STAR version: 2.7.11a   compiled: 2023-08-15T11:38:34-04:00 :/home/dobin/data/STAR/STARcode/STAR.master/source
Sep 22 19:54:29 ..... started STAR run
Sep 22 19:54:29 ..... loading genome
Sep 22 19:54:30 ..... started mapping
Sep 23 02:43:13 ..... finished mapping
Sep 23 02:43:13 ..... finished successfully
Completed mtstpLci60_
Working on mtstpLci64_
	STAR --runMode alignReads --outSAMtype BAM Unsorted --runThreadN 20 --readFilesCommand zcat --genomeDir /home/jdubos2/mtstp/data/oe_genome/star_index --outFileNamePrefix /home/jdubos2/mtstp/data/oe_star_alignment_results/mtstpLci64_ --readFilesIn /home/jdubos2/mtstp/data/raw_sequences/mtstpLci64_1.fq.gz /home/jdubos2/mtstp/data/raw_sequences/mtstpLci64_2.fq.gz --quantMode GeneCounts
	STAR version: 2.7.11a   compiled: 2023-08-15T11:38:34-04:00 :/home/dobin/data/STAR/STARcode/STAR.master/source
Sep 23 02:43:14 ..... started STAR run
Sep 23 02:43:14 ..... loading genome
Sep 23 02:43:15 ..... started mapping
Sep 23 07:27:02 ..... finished mapping
Sep 23 07:27:02 ..... finished successfully
Completed mtstpLci64_
Working on mtstpLii140_
	STAR --runMode alignReads --outSAMtype BAM Unsorted --runThreadN 20 --readFilesCommand zcat --genomeDir /home/jdubos2/mtstp/data/oe_genome/star_index --outFileNamePrefix /home/jdubos2/mtstp/data/oe_star_alignment_results/mtstpLii140_ --readFilesIn /home/jdubos2/mtstp/data/raw_sequences/mtstpLii140_1.fq.gz /home/jdubos2/mtstp/data/raw_sequences/mtstpLii140_2.fq.gz --quantMode GeneCounts
	STAR version: 2.7.11a   compiled: 2023-08-15T11:38:34-04:00 :/home/dobin/data/STAR/STARcode/STAR.master/source
Sep 23 07:27:02 ..... started STAR run
Sep 23 07:27:02 ..... loading genome
Sep 23 07:27:03 ..... started mapping
Sep 23 13:55:42 ..... finished mapping
Sep 23 13:55:42 ..... finished successfully
Completed mtstpLii140_
