Working on mtstpLci60_
	STAR --runMode alignReads --outSAMtype BAM Unsorted --runThreadN 20 --readFilesCommand zcat --genomeDir /home/jdubos2/mtstp/data/oe_genome/star_index --outFileNamePrefix /home/jdubos2/mtstp/data/oe_star_alignment_results/mtstpLci60_ --readFilesIn /home/jdubos2/mtstp/data/raw_sequences/mtstpLci60_1.fq.gz /home/jdubos2/mtstp/data/raw_sequences/mtstpLci60_2.fq.gz --quantMode GeneCounts
	STAR version: 2.7.11a   compiled: 2023-08-15T11:38:34-04:00 :/home/dobin/data/STAR/STARcode/STAR.master/source
Sep 22 13:14:13 ..... started STAR run
Sep 22 13:14:13 ..... loading genome
Sep 22 13:14:14 ..... started mapping
Sep 22 20:45:45 ..... finished mapping
Sep 22 20:45:45 ..... finished successfully
Completed mtstpLci60_
Working on mtstpLci64_
	STAR --runMode alignReads --outSAMtype BAM Unsorted --runThreadN 20 --readFilesCommand zcat --genomeDir /home/jdubos2/mtstp/data/oe_genome/star_index --outFileNamePrefix /home/jdubos2/mtstp/data/oe_star_alignment_results/mtstpLci64_ --readFilesIn /home/jdubos2/mtstp/data/raw_sequences/mtstpLci64_1.fq.gz /home/jdubos2/mtstp/data/raw_sequences/mtstpLci64_2.fq.gz --quantMode GeneCounts
	STAR version: 2.7.11a   compiled: 2023-08-15T11:38:34-04:00 :/home/dobin/data/STAR/STARcode/STAR.master/source
Sep 22 20:45:45 ..... started STAR run
Sep 22 20:45:45 ..... loading genome
Sep 22 20:45:47 ..... started mapping
Sep 23 02:46:25 ..... finished mapping
Sep 23 02:46:25 ..... finished successfully
Completed mtstpLci64_
Working on mtstpLii140_
	STAR --runMode alignReads --outSAMtype BAM Unsorted --runThreadN 20 --readFilesCommand zcat --genomeDir /home/jdubos2/mtstp/data/oe_genome/star_index --outFileNamePrefix /home/jdubos2/mtstp/data/oe_star_alignment_results/mtstpLii140_ --readFilesIn /home/jdubos2/mtstp/data/raw_sequences/mtstpLii140_1.fq.gz /home/jdubos2/mtstp/data/raw_sequences/mtstpLii140_2.fq.gz --quantMode GeneCounts
	STAR version: 2.7.11a   compiled: 2023-08-15T11:38:34-04:00 :/home/dobin/data/STAR/STARcode/STAR.master/source
Sep 23 02:46:25 ..... started STAR run
Sep 23 02:46:25 ..... loading genome
Sep 23 02:46:27 ..... started mapping
Sep 23 09:51:28 ..... finished mapping
Sep 23 09:51:28 ..... finished successfully
Completed mtstpLii140_
