	STAR --runMode alignReads --outSAMtype BAM Unsorted --runThreadN 8 --readFilesCommand zcat --genomeDir /home/jdubos2/mtstp/data/dpl_genome/star_index --outFileNamePrefix /home/jdubos2/mtstp/data/star_alignment_results/mtstp3ci10_ --readFilesIn /home/jdubos2/mtstp/data/raw_sequences/mtstp3ci10_1.fq.gz /home/jdubos2/mtstp/data/raw_sequences/mtstp3ci10_2.fq.gz --quantMode GeneCounts
	STAR version: 2.7.10b   compiled: 2023-02-10T18:11:41+00:00 :/home/jdubos2/STAR-2.7.10b/source
Sep 14 18:42:49 ..... started STAR run
Sep 14 18:42:49 ..... loading genome
Sep 14 18:42:51 ..... started mapping
Sep 14 18:59:56 ..... finished mapping
Sep 14 18:59:56 ..... finished successfully
	STAR --runMode alignReads --outSAMtype BAM Unsorted --runThreadN 8 --readFilesCommand zcat --genomeDir /home/jdubos2/mtstp/data/dpl_genome/star_index --outFileNamePrefix /home/jdubos2/mtstp/data/star_alignment_results/mtstp3ci11_ --readFilesIn /home/jdubos2/mtstp/data/raw_sequences/mtstp3ci11_1.fq.gz /home/jdubos2/mtstp/data/raw_sequences/mtstp3ci11_2.fq.gz --quantMode GeneCounts
	STAR version: 2.7.10b   compiled: 2023-02-10T18:11:41+00:00 :/home/jdubos2/STAR-2.7.10b/source
Sep 14 18:59:56 ..... started STAR run
Sep 14 18:59:56 ..... loading genome
Sep 14 18:59:59 ..... started mapping
Sep 14 19:11:45 ..... finished mapping
Sep 14 19:11:45 ..... finished successfully
	STAR --runMode alignReads --outSAMtype BAM Unsorted --runThreadN 8 --readFilesCommand zcat --genomeDir /home/jdubos2/mtstp/data/dpl_genome/star_index --outFileNamePrefix /home/jdubos2/mtstp/data/star_alignment_results/mtstp3ci12_ --readFilesIn /home/jdubos2/mtstp/data/raw_sequences/mtstp3ci12_1.fq.gz /home/jdubos2/mtstp/data/raw_sequences/mtstp3ci12_2.fq.gz --quantMode GeneCounts
	STAR version: 2.7.10b   compiled: 2023-02-10T18:11:41+00:00 :/home/jdubos2/STAR-2.7.10b/source
Sep 14 19:11:45 ..... started STAR run
Sep 14 19:11:45 ..... loading genome
Sep 14 19:11:48 ..... started mapping
Sep 14 19:23:52 ..... finished mapping
Sep 14 19:23:52 ..... finished successfully
	STAR --runMode alignReads --outSAMtype BAM Unsorted --runThreadN 8 --readFilesCommand zcat --genomeDir /home/jdubos2/mtstp/data/dpl_genome/star_index --outFileNamePrefix /home/jdubos2/mtstp/data/star_alignment_results/mtstp3ci13_ --readFilesIn /home/jdubos2/mtstp/data/raw_sequences/mtstp3ci13_1.fq.gz /home/jdubos2/mtstp/data/raw_sequences/mtstp3ci13_2.fq.gz --quantMode GeneCounts
	STAR version: 2.7.10b   compiled: 2023-02-10T18:11:41+00:00 :/home/jdubos2/STAR-2.7.10b/source
Sep 14 19:23:52 ..... started STAR run
Sep 14 19:23:52 ..... loading genome
Sep 14 19:23:55 ..... started mapping
Sep 14 19:38:37 ..... finished mapping
Sep 14 19:38:37 ..... finished successfully
	STAR --runMode alignReads --outSAMtype BAM Unsorted --runThreadN 8 --readFilesCommand zcat --genomeDir /home/jdubos2/mtstp/data/dpl_genome/star_index --outFileNamePrefix /home/jdubos2/mtstp/data/star_alignment_results/mtstp3ci9_ --readFilesIn /home/jdubos2/mtstp/data/raw_sequences/mtstp3ci9_1.fq.gz /home/jdubos2/mtstp/data/raw_sequences/mtstp3ci9_2.fq.gz --quantMode GeneCounts
	STAR version: 2.7.10b   compiled: 2023-02-10T18:11:41+00:00 :/home/jdubos2/STAR-2.7.10b/source
Sep 14 19:38:37 ..... started STAR run
Sep 14 19:38:37 ..... loading genome
Sep 14 19:38:39 ..... started mapping
Sep 14 19:51:27 ..... finished mapping
Sep 14 19:51:27 ..... finished successfully
	STAR --runMode alignReads --outSAMtype BAM Unsorted --runThreadN 8 --readFilesCommand zcat --genomeDir /home/jdubos2/mtstp/data/dpl_genome/star_index --outFileNamePrefix /home/jdubos2/mtstp/data/star_alignment_results/mtstp3cu2_ --readFilesIn /home/jdubos2/mtstp/data/raw_sequences/mtstp3cu2_1.fq.gz /home/jdubos2/mtstp/data/raw_sequences/mtstp3cu2_2.fq.gz --quantMode GeneCounts
	STAR version: 2.7.10b   compiled: 2023-02-10T18:11:41+00:00 :/home/jdubos2/STAR-2.7.10b/source
Sep 14 19:51:27 ..... started STAR run
Sep 14 19:51:27 ..... loading genome
Sep 14 19:51:30 ..... started mapping
Sep 14 20:04:23 ..... finished mapping
Sep 14 20:04:24 ..... finished successfully
	STAR --runMode alignReads --outSAMtype BAM Unsorted --runThreadN 8 --readFilesCommand zcat --genomeDir /home/jdubos2/mtstp/data/dpl_genome/star_index --outFileNamePrefix /home/jdubos2/mtstp/data/star_alignment_results/mtstp3cu3_ --readFilesIn /home/jdubos2/mtstp/data/raw_sequences/mtstp3cu3_1.fq.gz /home/jdubos2/mtstp/data/raw_sequences/mtstp3cu3_2.fq.gz --quantMode GeneCounts
	STAR version: 2.7.10b   compiled: 2023-02-10T18:11:41+00:00 :/home/jdubos2/STAR-2.7.10b/source
Sep 14 20:04:24 ..... started STAR run
Sep 14 20:04:24 ..... loading genome
Sep 14 20:04:26 ..... started mapping
Sep 14 20:17:26 ..... finished mapping
Sep 14 20:17:26 ..... finished successfully
	STAR --runMode alignReads --outSAMtype BAM Unsorted --runThreadN 8 --readFilesCommand zcat --genomeDir /home/jdubos2/mtstp/data/dpl_genome/star_index --outFileNamePrefix /home/jdubos2/mtstp/data/star_alignment_results/mtstp3cu4_ --readFilesIn /home/jdubos2/mtstp/data/raw_sequences/mtstp3cu4_1.fq.gz /home/jdubos2/mtstp/data/raw_sequences/mtstp3cu4_2.fq.gz --quantMode GeneCounts
	STAR version: 2.7.10b   compiled: 2023-02-10T18:11:41+00:00 :/home/jdubos2/STAR-2.7.10b/source
Sep 14 20:17:26 ..... started STAR run
Sep 14 20:17:26 ..... loading genome
Sep 14 20:17:29 ..... started mapping
Sep 14 20:31:18 ..... finished mapping
Sep 14 20:31:19 ..... finished successfully
	STAR --runMode alignReads --outSAMtype BAM Unsorted --runThreadN 8 --readFilesCommand zcat --genomeDir /home/jdubos2/mtstp/data/dpl_genome/star_index --outFileNamePrefix /home/jdubos2/mtstp/data/star_alignment_results/mtstp3cu5_ --readFilesIn /home/jdubos2/mtstp/data/raw_sequences/mtstp3cu5_1.fq.gz /home/jdubos2/mtstp/data/raw_sequences/mtstp3cu5_2.fq.gz --quantMode GeneCounts
	STAR version: 2.7.10b   compiled: 2023-02-10T18:11:41+00:00 :/home/jdubos2/STAR-2.7.10b/source
Sep 14 20:31:19 ..... started STAR run
Sep 14 20:31:19 ..... loading genome
Sep 14 20:31:21 ..... started mapping
Sep 14 20:48:21 ..... finished mapping
Sep 14 20:48:22 ..... finished successfully
	STAR --runMode alignReads --outSAMtype BAM Unsorted --runThreadN 8 --readFilesCommand zcat --genomeDir /home/jdubos2/mtstp/data/dpl_genome/star_index --outFileNamePrefix /home/jdubos2/mtstp/data/star_alignment_results/mtstp3cu8_ --readFilesIn /home/jdubos2/mtstp/data/raw_sequences/mtstp3cu8_1.fq.gz /home/jdubos2/mtstp/data/raw_sequences/mtstp3cu8_2.fq.gz --quantMode GeneCounts
	STAR version: 2.7.10b   compiled: 2023-02-10T18:11:41+00:00 :/home/jdubos2/STAR-2.7.10b/source
Sep 14 20:48:22 ..... started STAR run
Sep 14 20:48:22 ..... loading genome
Sep 14 20:48:24 ..... started mapping
Sep 14 21:02:53 ..... finished mapping
Sep 14 21:02:53 ..... finished successfully
	STAR --runMode alignReads --outSAMtype BAM Unsorted --runThreadN 8 --readFilesCommand zcat --genomeDir /home/jdubos2/mtstp/data/dpl_genome/star_index --outFileNamePrefix /home/jdubos2/mtstp/data/star_alignment_results/mtstp3ii89_ --readFilesIn /home/jdubos2/mtstp/data/raw_sequences/mtstp3ii89_1.fq.gz /home/jdubos2/mtstp/data/raw_sequences/mtstp3ii89_2.fq.gz --quantMode GeneCounts
	STAR version: 2.7.10b   compiled: 2023-02-10T18:11:41+00:00 :/home/jdubos2/STAR-2.7.10b/source
Sep 14 21:02:53 ..... started STAR run
Sep 14 21:02:53 ..... loading genome
Sep 14 21:02:56 ..... started mapping
Sep 14 21:16:14 ..... finished mapping
Sep 14 21:16:14 ..... finished successfully
	STAR --runMode alignReads --outSAMtype BAM Unsorted --runThreadN 8 --readFilesCommand zcat --genomeDir /home/jdubos2/mtstp/data/dpl_genome/star_index --outFileNamePrefix /home/jdubos2/mtstp/data/star_alignment_results/mtstp3ii90_ --readFilesIn /home/jdubos2/mtstp/data/raw_sequences/mtstp3ii90_1.fq.gz /home/jdubos2/mtstp/data/raw_sequences/mtstp3ii90_2.fq.gz --quantMode GeneCounts
	STAR version: 2.7.10b   compiled: 2023-02-10T18:11:41+00:00 :/home/jdubos2/STAR-2.7.10b/source
Sep 14 21:16:14 ..... started STAR run
Sep 14 21:16:14 ..... loading genome
Sep 14 21:16:17 ..... started mapping
Sep 14 21:28:57 ..... finished mapping
Sep 14 21:28:58 ..... finished successfully
	STAR --runMode alignReads --outSAMtype BAM Unsorted --runThreadN 8 --readFilesCommand zcat --genomeDir /home/jdubos2/mtstp/data/dpl_genome/star_index --outFileNamePrefix /home/jdubos2/mtstp/data/star_alignment_results/mtstp3ii92_ --readFilesIn /home/jdubos2/mtstp/data/raw_sequences/mtstp3ii92_1.fq.gz /home/jdubos2/mtstp/data/raw_sequences/mtstp3ii92_2.fq.gz --quantMode GeneCounts
	STAR version: 2.7.10b   compiled: 2023-02-10T18:11:41+00:00 :/home/jdubos2/STAR-2.7.10b/source
Sep 14 21:28:58 ..... started STAR run
Sep 14 21:28:58 ..... loading genome
Sep 14 21:29:00 ..... started mapping
Sep 14 21:47:25 ..... finished mapping
Sep 14 21:47:26 ..... finished successfully
	STAR --runMode alignReads --outSAMtype BAM Unsorted --runThreadN 8 --readFilesCommand zcat --genomeDir /home/jdubos2/mtstp/data/dpl_genome/star_index --outFileNamePrefix /home/jdubos2/mtstp/data/star_alignment_results/mtstp3ii94_ --readFilesIn /home/jdubos2/mtstp/data/raw_sequences/mtstp3ii94_1.fq.gz /home/jdubos2/mtstp/data/raw_sequences/mtstp3ii94_2.fq.gz --quantMode GeneCounts
	STAR version: 2.7.10b   compiled: 2023-02-10T18:11:41+00:00 :/home/jdubos2/STAR-2.7.10b/source
Sep 14 21:47:26 ..... started STAR run
Sep 14 21:47:26 ..... loading genome
Sep 14 21:47:28 ..... started mapping
Sep 14 22:00:36 ..... finished mapping
Sep 14 22:00:36 ..... finished successfully
	STAR --runMode alignReads --outSAMtype BAM Unsorted --runThreadN 8 --readFilesCommand zcat --genomeDir /home/jdubos2/mtstp/data/dpl_genome/star_index --outFileNamePrefix /home/jdubos2/mtstp/data/star_alignment_results/mtstp3iu81_ --readFilesIn /home/jdubos2/mtstp/data/raw_sequences/mtstp3iu81_1.fq.gz /home/jdubos2/mtstp/data/raw_sequences/mtstp3iu81_2.fq.gz --quantMode GeneCounts
	STAR version: 2.7.10b   compiled: 2023-02-10T18:11:41+00:00 :/home/jdubos2/STAR-2.7.10b/source
Sep 14 22:00:37 ..... started STAR run
Sep 14 22:00:37 ..... loading genome
Sep 14 22:00:39 ..... started mapping
Sep 14 22:14:55 ..... finished mapping
Sep 14 22:14:55 ..... finished successfully
	STAR --runMode alignReads --outSAMtype BAM Unsorted --runThreadN 8 --readFilesCommand zcat --genomeDir /home/jdubos2/mtstp/data/dpl_genome/star_index --outFileNamePrefix /home/jdubos2/mtstp/data/star_alignment_results/mtstp3iu82_ --readFilesIn /home/jdubos2/mtstp/data/raw_sequences/mtstp3iu82_1.fq.gz /home/jdubos2/mtstp/data/raw_sequences/mtstp3iu82_2.fq.gz --quantMode GeneCounts
	STAR version: 2.7.10b   compiled: 2023-02-10T18:11:41+00:00 :/home/jdubos2/STAR-2.7.10b/source
Sep 14 22:14:55 ..... started STAR run
Sep 14 22:14:55 ..... loading genome
Sep 14 22:14:58 ..... started mapping
Sep 14 22:27:17 ..... finished mapping
Sep 14 22:27:17 ..... finished successfully
	STAR --runMode alignReads --outSAMtype BAM Unsorted --runThreadN 8 --readFilesCommand zcat --genomeDir /home/jdubos2/mtstp/data/dpl_genome/star_index --outFileNamePrefix /home/jdubos2/mtstp/data/star_alignment_results/mtstp3iu83_ --readFilesIn /home/jdubos2/mtstp/data/raw_sequences/mtstp3iu83_1.fq.gz /home/jdubos2/mtstp/data/raw_sequences/mtstp3iu83_2.fq.gz --quantMode GeneCounts
	STAR version: 2.7.10b   compiled: 2023-02-10T18:11:41+00:00 :/home/jdubos2/STAR-2.7.10b/source
Sep 14 22:27:17 ..... started STAR run
Sep 14 22:27:17 ..... loading genome
Sep 14 22:27:20 ..... started mapping
Sep 14 22:39:49 ..... finished mapping
Sep 14 22:39:49 ..... finished successfully
	STAR --runMode alignReads --outSAMtype BAM Unsorted --runThreadN 8 --readFilesCommand zcat --genomeDir /home/jdubos2/mtstp/data/dpl_genome/star_index --outFileNamePrefix /home/jdubos2/mtstp/data/star_alignment_results/mtstp3iu84_ --readFilesIn /home/jdubos2/mtstp/data/raw_sequences/mtstp3iu84_1.fq.gz /home/jdubos2/mtstp/data/raw_sequences/mtstp3iu84_2.fq.gz --quantMode GeneCounts
	STAR version: 2.7.10b   compiled: 2023-02-10T18:11:41+00:00 :/home/jdubos2/STAR-2.7.10b/source
Sep 14 22:39:49 ..... started STAR run
Sep 14 22:39:49 ..... loading genome
Sep 14 22:39:51 ..... started mapping
Sep 14 22:52:30 ..... finished mapping
Sep 14 22:52:31 ..... finished successfully
	STAR --runMode alignReads --outSAMtype BAM Unsorted --runThreadN 8 --readFilesCommand zcat --genomeDir /home/jdubos2/mtstp/data/dpl_genome/star_index --outFileNamePrefix /home/jdubos2/mtstp/data/star_alignment_results/mtstp3iu85_ --readFilesIn /home/jdubos2/mtstp/data/raw_sequences/mtstp3iu85_1.fq.gz /home/jdubos2/mtstp/data/raw_sequences/mtstp3iu85_2.fq.gz --quantMode GeneCounts
	STAR version: 2.7.10b   compiled: 2023-02-10T18:11:41+00:00 :/home/jdubos2/STAR-2.7.10b/source
Sep 14 22:52:31 ..... started STAR run
Sep 14 22:52:31 ..... loading genome
Sep 14 22:52:33 ..... started mapping
Sep 14 23:05:27 ..... finished mapping
Sep 14 23:05:28 ..... finished successfully
	STAR --runMode alignReads --outSAMtype BAM Unsorted --runThreadN 8 --readFilesCommand zcat --genomeDir /home/jdubos2/mtstp/data/dpl_genome/star_index --outFileNamePrefix /home/jdubos2/mtstp/data/star_alignment_results/mtstp5ci25_ --readFilesIn /home/jdubos2/mtstp/data/raw_sequences/mtstp5ci25_1.fq.gz /home/jdubos2/mtstp/data/raw_sequences/mtstp5ci25_2.fq.gz --quantMode GeneCounts
	STAR version: 2.7.10b   compiled: 2023-02-10T18:11:41+00:00 :/home/jdubos2/STAR-2.7.10b/source
Sep 14 23:05:28 ..... started STAR run
Sep 14 23:05:28 ..... loading genome
Sep 14 23:05:30 ..... started mapping
Sep 14 23:22:18 ..... finished mapping
Sep 14 23:22:18 ..... finished successfully
	STAR --runMode alignReads --outSAMtype BAM Unsorted --runThreadN 8 --readFilesCommand zcat --genomeDir /home/jdubos2/mtstp/data/dpl_genome/star_index --outFileNamePrefix /home/jdubos2/mtstp/data/star_alignment_results/mtstp5ci26_ --readFilesIn /home/jdubos2/mtstp/data/raw_sequences/mtstp5ci26_1.fq.gz /home/jdubos2/mtstp/data/raw_sequences/mtstp5ci26_2.fq.gz --quantMode GeneCounts
	STAR version: 2.7.10b   compiled: 2023-02-10T18:11:41+00:00 :/home/jdubos2/STAR-2.7.10b/source
Sep 14 23:22:18 ..... started STAR run
Sep 14 23:22:18 ..... loading genome
Sep 14 23:22:20 ..... started mapping
Sep 14 23:33:58 ..... finished mapping
Sep 14 23:33:58 ..... finished successfully
	STAR --runMode alignReads --outSAMtype BAM Unsorted --runThreadN 8 --readFilesCommand zcat --genomeDir /home/jdubos2/mtstp/data/dpl_genome/star_index --outFileNamePrefix /home/jdubos2/mtstp/data/star_alignment_results/mtstp5ci27_ --readFilesIn /home/jdubos2/mtstp/data/raw_sequences/mtstp5ci27_1.fq.gz /home/jdubos2/mtstp/data/raw_sequences/mtstp5ci27_2.fq.gz --quantMode GeneCounts
	STAR version: 2.7.10b   compiled: 2023-02-10T18:11:41+00:00 :/home/jdubos2/STAR-2.7.10b/source
Sep 14 23:33:58 ..... started STAR run
Sep 14 23:33:58 ..... loading genome
Sep 14 23:34:01 ..... started mapping
Sep 14 23:46:45 ..... finished mapping
Sep 14 23:46:45 ..... finished successfully
	STAR --runMode alignReads --outSAMtype BAM Unsorted --runThreadN 8 --readFilesCommand zcat --genomeDir /home/jdubos2/mtstp/data/dpl_genome/star_index --outFileNamePrefix /home/jdubos2/mtstp/data/star_alignment_results/mtstp5ci28_ --readFilesIn /home/jdubos2/mtstp/data/raw_sequences/mtstp5ci28_1.fq.gz /home/jdubos2/mtstp/data/raw_sequences/mtstp5ci28_2.fq.gz --quantMode GeneCounts
	STAR version: 2.7.10b   compiled: 2023-02-10T18:11:41+00:00 :/home/jdubos2/STAR-2.7.10b/source
Sep 14 23:46:46 ..... started STAR run
Sep 14 23:46:46 ..... loading genome
Sep 14 23:46:48 ..... started mapping
Sep 14 23:58:11 ..... finished mapping
Sep 14 23:58:12 ..... finished successfully
	STAR --runMode alignReads --outSAMtype BAM Unsorted --runThreadN 8 --readFilesCommand zcat --genomeDir /home/jdubos2/mtstp/data/dpl_genome/star_index --outFileNamePrefix /home/jdubos2/mtstp/data/star_alignment_results/mtstp5cu17_ --readFilesIn /home/jdubos2/mtstp/data/raw_sequences/mtstp5cu17_1.fq.gz /home/jdubos2/mtstp/data/raw_sequences/mtstp5cu17_2.fq.gz --quantMode GeneCounts
	STAR version: 2.7.10b   compiled: 2023-02-10T18:11:41+00:00 :/home/jdubos2/STAR-2.7.10b/source
Sep 14 23:58:12 ..... started STAR run
Sep 14 23:58:12 ..... loading genome
Sep 14 23:58:14 ..... started mapping
Sep 15 00:10:58 ..... finished mapping
Sep 15 00:10:58 ..... finished successfully
	STAR --runMode alignReads --outSAMtype BAM Unsorted --runThreadN 8 --readFilesCommand zcat --genomeDir /home/jdubos2/mtstp/data/dpl_genome/star_index --outFileNamePrefix /home/jdubos2/mtstp/data/star_alignment_results/mtstp5cu18_ --readFilesIn /home/jdubos2/mtstp/data/raw_sequences/mtstp5cu18_1.fq.gz /home/jdubos2/mtstp/data/raw_sequences/mtstp5cu18_2.fq.gz --quantMode GeneCounts
	STAR version: 2.7.10b   compiled: 2023-02-10T18:11:41+00:00 :/home/jdubos2/STAR-2.7.10b/source
Sep 15 00:10:59 ..... started STAR run
Sep 15 00:10:59 ..... loading genome
Sep 15 00:11:01 ..... started mapping
Sep 15 00:22:49 ..... finished mapping
Sep 15 00:22:49 ..... finished successfully
	STAR --runMode alignReads --outSAMtype BAM Unsorted --runThreadN 8 --readFilesCommand zcat --genomeDir /home/jdubos2/mtstp/data/dpl_genome/star_index --outFileNamePrefix /home/jdubos2/mtstp/data/star_alignment_results/mtstp5cu19_ --readFilesIn /home/jdubos2/mtstp/data/raw_sequences/mtstp5cu19_1.fq.gz /home/jdubos2/mtstp/data/raw_sequences/mtstp5cu19_2.fq.gz --quantMode GeneCounts
	STAR version: 2.7.10b   compiled: 2023-02-10T18:11:41+00:00 :/home/jdubos2/STAR-2.7.10b/source
Sep 15 00:22:49 ..... started STAR run
Sep 15 00:22:49 ..... loading genome
Sep 15 00:22:52 ..... started mapping
Sep 15 00:32:56 ..... finished mapping
Sep 15 00:32:56 ..... finished successfully
	STAR --runMode alignReads --outSAMtype BAM Unsorted --runThreadN 8 --readFilesCommand zcat --genomeDir /home/jdubos2/mtstp/data/dpl_genome/star_index --outFileNamePrefix /home/jdubos2/mtstp/data/star_alignment_results/mtstp5cu20_ --readFilesIn /home/jdubos2/mtstp/data/raw_sequences/mtstp5cu20_1.fq.gz /home/jdubos2/mtstp/data/raw_sequences/mtstp5cu20_2.fq.gz --quantMode GeneCounts
	STAR version: 2.7.10b   compiled: 2023-02-10T18:11:41+00:00 :/home/jdubos2/STAR-2.7.10b/source
Sep 15 00:32:57 ..... started STAR run
Sep 15 00:32:57 ..... loading genome
Sep 15 00:32:59 ..... started mapping
Sep 15 00:44:58 ..... finished mapping
Sep 15 00:44:59 ..... finished successfully
	STAR --runMode alignReads --outSAMtype BAM Unsorted --runThreadN 8 --readFilesCommand zcat --genomeDir /home/jdubos2/mtstp/data/dpl_genome/star_index --outFileNamePrefix /home/jdubos2/mtstp/data/star_alignment_results/mtstp5cu21_ --readFilesIn /home/jdubos2/mtstp/data/raw_sequences/mtstp5cu21_1.fq.gz /home/jdubos2/mtstp/data/raw_sequences/mtstp5cu21_2.fq.gz --quantMode GeneCounts
	STAR version: 2.7.10b   compiled: 2023-02-10T18:11:41+00:00 :/home/jdubos2/STAR-2.7.10b/source
Sep 15 00:44:59 ..... started STAR run
Sep 15 00:44:59 ..... loading genome
Sep 15 00:45:01 ..... started mapping
Sep 15 00:56:30 ..... finished mapping
Sep 15 00:56:31 ..... finished successfully
	STAR --runMode alignReads --outSAMtype BAM Unsorted --runThreadN 8 --readFilesCommand zcat --genomeDir /home/jdubos2/mtstp/data/dpl_genome/star_index --outFileNamePrefix /home/jdubos2/mtstp/data/star_alignment_results/mtstp5ii105_ --readFilesIn /home/jdubos2/mtstp/data/raw_sequences/mtstp5ii105_1.fq.gz /home/jdubos2/mtstp/data/raw_sequences/mtstp5ii105_2.fq.gz --quantMode GeneCounts
	STAR version: 2.7.10b   compiled: 2023-02-10T18:11:41+00:00 :/home/jdubos2/STAR-2.7.10b/source
Sep 15 00:56:31 ..... started STAR run
Sep 15 00:56:31 ..... loading genome
Sep 15 00:56:33 ..... started mapping
Sep 15 01:09:43 ..... finished mapping
Sep 15 01:09:44 ..... finished successfully
	STAR --runMode alignReads --outSAMtype BAM Unsorted --runThreadN 8 --readFilesCommand zcat --genomeDir /home/jdubos2/mtstp/data/dpl_genome/star_index --outFileNamePrefix /home/jdubos2/mtstp/data/star_alignment_results/mtstp5ii107_ --readFilesIn /home/jdubos2/mtstp/data/raw_sequences/mtstp5ii107_1.fq.gz /home/jdubos2/mtstp/data/raw_sequences/mtstp5ii107_2.fq.gz --quantMode GeneCounts
	STAR version: 2.7.10b   compiled: 2023-02-10T18:11:41+00:00 :/home/jdubos2/STAR-2.7.10b/source
Sep 15 01:09:44 ..... started STAR run
Sep 15 01:09:44 ..... loading genome
Sep 15 01:09:46 ..... started mapping
Sep 15 01:23:13 ..... finished mapping
Sep 15 01:23:13 ..... finished successfully
	STAR --runMode alignReads --outSAMtype BAM Unsorted --runThreadN 8 --readFilesCommand zcat --genomeDir /home/jdubos2/mtstp/data/dpl_genome/star_index --outFileNamePrefix /home/jdubos2/mtstp/data/star_alignment_results/mtstp5ii108_ --readFilesIn /home/jdubos2/mtstp/data/raw_sequences/mtstp5ii108_1.fq.gz /home/jdubos2/mtstp/data/raw_sequences/mtstp5ii108_2.fq.gz --quantMode GeneCounts
	STAR version: 2.7.10b   compiled: 2023-02-10T18:11:41+00:00 :/home/jdubos2/STAR-2.7.10b/source
Sep 15 01:23:13 ..... started STAR run
Sep 15 01:23:13 ..... loading genome
Sep 15 01:23:16 ..... started mapping
Sep 15 01:32:53 ..... finished mapping
Sep 15 01:32:53 ..... finished successfully
	STAR --runMode alignReads --outSAMtype BAM Unsorted --runThreadN 8 --readFilesCommand zcat --genomeDir /home/jdubos2/mtstp/data/dpl_genome/star_index --outFileNamePrefix /home/jdubos2/mtstp/data/star_alignment_results/mtstp5ii109_ --readFilesIn /home/jdubos2/mtstp/data/raw_sequences/mtstp5ii109_1.fq.gz /home/jdubos2/mtstp/data/raw_sequences/mtstp5ii109_2.fq.gz --quantMode GeneCounts
	STAR version: 2.7.10b   compiled: 2023-02-10T18:11:41+00:00 :/home/jdubos2/STAR-2.7.10b/source
Sep 15 01:32:53 ..... started STAR run
Sep 15 01:32:53 ..... loading genome
Sep 15 01:32:56 ..... started mapping
Sep 15 01:47:23 ..... finished mapping
Sep 15 01:47:24 ..... finished successfully
	STAR --runMode alignReads --outSAMtype BAM Unsorted --runThreadN 8 --readFilesCommand zcat --genomeDir /home/jdubos2/mtstp/data/dpl_genome/star_index --outFileNamePrefix /home/jdubos2/mtstp/data/star_alignment_results/mtstp5ii112_ --readFilesIn /home/jdubos2/mtstp/data/raw_sequences/mtstp5ii112_1.fq.gz /home/jdubos2/mtstp/data/raw_sequences/mtstp5ii112_2.fq.gz --quantMode GeneCounts
	STAR version: 2.7.10b   compiled: 2023-02-10T18:11:41+00:00 :/home/jdubos2/STAR-2.7.10b/source
Sep 15 01:47:24 ..... started STAR run
Sep 15 01:47:24 ..... loading genome
Sep 15 01:47:26 ..... started mapping
Sep 15 02:00:43 ..... finished mapping
Sep 15 02:00:44 ..... finished successfully
	STAR --runMode alignReads --outSAMtype BAM Unsorted --runThreadN 8 --readFilesCommand zcat --genomeDir /home/jdubos2/mtstp/data/dpl_genome/star_index --outFileNamePrefix /home/jdubos2/mtstp/data/star_alignment_results/mtstp5iu100_ --readFilesIn /home/jdubos2/mtstp/data/raw_sequences/mtstp5iu100_1.fq.gz /home/jdubos2/mtstp/data/raw_sequences/mtstp5iu100_2.fq.gz --quantMode GeneCounts
	STAR version: 2.7.10b   compiled: 2023-02-10T18:11:41+00:00 :/home/jdubos2/STAR-2.7.10b/source
Sep 15 02:00:44 ..... started STAR run
Sep 15 02:00:44 ..... loading genome
Sep 15 02:00:46 ..... started mapping
Sep 15 02:16:48 ..... finished mapping
Sep 15 02:16:48 ..... finished successfully
	STAR --runMode alignReads --outSAMtype BAM Unsorted --runThreadN 8 --readFilesCommand zcat --genomeDir /home/jdubos2/mtstp/data/dpl_genome/star_index --outFileNamePrefix /home/jdubos2/mtstp/data/star_alignment_results/mtstp5iu101_ --readFilesIn /home/jdubos2/mtstp/data/raw_sequences/mtstp5iu101_1.fq.gz /home/jdubos2/mtstp/data/raw_sequences/mtstp5iu101_2.fq.gz --quantMode GeneCounts
	STAR version: 2.7.10b   compiled: 2023-02-10T18:11:41+00:00 :/home/jdubos2/STAR-2.7.10b/source
Sep 15 02:16:48 ..... started STAR run
Sep 15 02:16:48 ..... loading genome
Sep 15 02:16:51 ..... started mapping
Sep 15 02:27:07 ..... finished mapping
Sep 15 02:27:07 ..... finished successfully
	STAR --runMode alignReads --outSAMtype BAM Unsorted --runThreadN 8 --readFilesCommand zcat --genomeDir /home/jdubos2/mtstp/data/dpl_genome/star_index --outFileNamePrefix /home/jdubos2/mtstp/data/star_alignment_results/mtstp5iu97_ --readFilesIn /home/jdubos2/mtstp/data/raw_sequences/mtstp5iu97_1.fq.gz /home/jdubos2/mtstp/data/raw_sequences/mtstp5iu97_2.fq.gz --quantMode GeneCounts
	STAR version: 2.7.10b   compiled: 2023-02-10T18:11:41+00:00 :/home/jdubos2/STAR-2.7.10b/source
Sep 15 02:27:07 ..... started STAR run
Sep 15 02:27:07 ..... loading genome
Sep 15 02:27:10 ..... started mapping
Sep 15 02:39:29 ..... finished mapping
Sep 15 02:39:30 ..... finished successfully
	STAR --runMode alignReads --outSAMtype BAM Unsorted --runThreadN 8 --readFilesCommand zcat --genomeDir /home/jdubos2/mtstp/data/dpl_genome/star_index --outFileNamePrefix /home/jdubos2/mtstp/data/star_alignment_results/mtstp5iu98_ --readFilesIn /home/jdubos2/mtstp/data/raw_sequences/mtstp5iu98_1.fq.gz /home/jdubos2/mtstp/data/raw_sequences/mtstp5iu98_2.fq.gz --quantMode GeneCounts
	STAR version: 2.7.10b   compiled: 2023-02-10T18:11:41+00:00 :/home/jdubos2/STAR-2.7.10b/source
Sep 15 02:39:30 ..... started STAR run
Sep 15 02:39:30 ..... loading genome
Sep 15 02:39:32 ..... started mapping
Sep 15 02:50:08 ..... finished mapping
Sep 15 02:50:09 ..... finished successfully
	STAR --runMode alignReads --outSAMtype BAM Unsorted --runThreadN 8 --readFilesCommand zcat --genomeDir /home/jdubos2/mtstp/data/dpl_genome/star_index --outFileNamePrefix /home/jdubos2/mtstp/data/star_alignment_results/mtstp5iu99_ --readFilesIn /home/jdubos2/mtstp/data/raw_sequences/mtstp5iu99_1.fq.gz /home/jdubos2/mtstp/data/raw_sequences/mtstp5iu99_2.fq.gz --quantMode GeneCounts
	STAR version: 2.7.10b   compiled: 2023-02-10T18:11:41+00:00 :/home/jdubos2/STAR-2.7.10b/source
Sep 15 02:50:09 ..... started STAR run
Sep 15 02:50:09 ..... loading genome
Sep 15 02:50:12 ..... started mapping
Sep 15 03:01:38 ..... finished mapping
Sep 15 03:01:38 ..... finished successfully
	STAR --runMode alignReads --outSAMtype BAM Unsorted --runThreadN 8 --readFilesCommand zcat --genomeDir /home/jdubos2/mtstp/data/dpl_genome/star_index --outFileNamePrefix /home/jdubos2/mtstp/data/star_alignment_results/mtstpAci73_ --readFilesIn /home/jdubos2/mtstp/data/raw_sequences/mtstpAci73_1.fq.gz /home/jdubos2/mtstp/data/raw_sequences/mtstpAci73_2.fq.gz --quantMode GeneCounts
	STAR version: 2.7.10b   compiled: 2023-02-10T18:11:41+00:00 :/home/jdubos2/STAR-2.7.10b/source
Sep 15 03:01:38 ..... started STAR run
Sep 15 03:01:38 ..... loading genome
Sep 15 03:01:41 ..... started mapping
Sep 15 03:13:23 ..... finished mapping
Sep 15 03:13:24 ..... finished successfully
	STAR --runMode alignReads --outSAMtype BAM Unsorted --runThreadN 8 --readFilesCommand zcat --genomeDir /home/jdubos2/mtstp/data/dpl_genome/star_index --outFileNamePrefix /home/jdubos2/mtstp/data/star_alignment_results/mtstpAci74_ --readFilesIn /home/jdubos2/mtstp/data/raw_sequences/mtstpAci74_1.fq.gz /home/jdubos2/mtstp/data/raw_sequences/mtstpAci74_2.fq.gz --quantMode GeneCounts
	STAR version: 2.7.10b   compiled: 2023-02-10T18:11:41+00:00 :/home/jdubos2/STAR-2.7.10b/source
Sep 15 03:13:24 ..... started STAR run
Sep 15 03:13:24 ..... loading genome
Sep 15 03:13:26 ..... started mapping
Sep 15 03:28:54 ..... finished mapping
Sep 15 03:28:54 ..... finished successfully
	STAR --runMode alignReads --outSAMtype BAM Unsorted --runThreadN 8 --readFilesCommand zcat --genomeDir /home/jdubos2/mtstp/data/dpl_genome/star_index --outFileNamePrefix /home/jdubos2/mtstp/data/star_alignment_results/mtstpAci75_ --readFilesIn /home/jdubos2/mtstp/data/raw_sequences/mtstpAci75_1.fq.gz /home/jdubos2/mtstp/data/raw_sequences/mtstpAci75_2.fq.gz --quantMode GeneCounts
	STAR version: 2.7.10b   compiled: 2023-02-10T18:11:41+00:00 :/home/jdubos2/STAR-2.7.10b/source
Sep 15 03:28:54 ..... started STAR run
Sep 15 03:28:54 ..... loading genome
Sep 15 03:28:57 ..... started mapping
Sep 15 03:49:43 ..... finished mapping
Sep 15 03:49:43 ..... finished successfully
	STAR --runMode alignReads --outSAMtype BAM Unsorted --runThreadN 8 --readFilesCommand zcat --genomeDir /home/jdubos2/mtstp/data/dpl_genome/star_index --outFileNamePrefix /home/jdubos2/mtstp/data/star_alignment_results/mtstpAci76_ --readFilesIn /home/jdubos2/mtstp/data/raw_sequences/mtstpAci76_1.fq.gz /home/jdubos2/mtstp/data/raw_sequences/mtstpAci76_2.fq.gz --quantMode GeneCounts
	STAR version: 2.7.10b   compiled: 2023-02-10T18:11:41+00:00 :/home/jdubos2/STAR-2.7.10b/source
Sep 15 03:49:43 ..... started STAR run
Sep 15 03:49:43 ..... loading genome
Sep 15 03:49:46 ..... started mapping
Sep 15 04:07:12 ..... finished mapping
Sep 15 04:07:12 ..... finished successfully
	STAR --runMode alignReads --outSAMtype BAM Unsorted --runThreadN 8 --readFilesCommand zcat --genomeDir /home/jdubos2/mtstp/data/dpl_genome/star_index --outFileNamePrefix /home/jdubos2/mtstp/data/star_alignment_results/mtstpAci77_ --readFilesIn /home/jdubos2/mtstp/data/raw_sequences/mtstpAci77_1.fq.gz /home/jdubos2/mtstp/data/raw_sequences/mtstpAci77_2.fq.gz --quantMode GeneCounts
	STAR version: 2.7.10b   compiled: 2023-02-10T18:11:41+00:00 :/home/jdubos2/STAR-2.7.10b/source
Sep 15 04:07:12 ..... started STAR run
Sep 15 04:07:12 ..... loading genome
Sep 15 04:07:15 ..... started mapping
Sep 15 04:24:25 ..... finished mapping
Sep 15 04:24:26 ..... finished successfully
	STAR --runMode alignReads --outSAMtype BAM Unsorted --runThreadN 8 --readFilesCommand zcat --genomeDir /home/jdubos2/mtstp/data/dpl_genome/star_index --outFileNamePrefix /home/jdubos2/mtstp/data/star_alignment_results/mtstpAcu65_ --readFilesIn /home/jdubos2/mtstp/data/raw_sequences/mtstpAcu65_1.fq.gz /home/jdubos2/mtstp/data/raw_sequences/mtstpAcu65_2.fq.gz --quantMode GeneCounts
	STAR version: 2.7.10b   compiled: 2023-02-10T18:11:41+00:00 :/home/jdubos2/STAR-2.7.10b/source
Sep 15 04:24:26 ..... started STAR run
Sep 15 04:24:26 ..... loading genome
Sep 15 04:24:29 ..... started mapping
Sep 15 04:39:27 ..... finished mapping
Sep 15 04:39:27 ..... finished successfully
	STAR --runMode alignReads --outSAMtype BAM Unsorted --runThreadN 8 --readFilesCommand zcat --genomeDir /home/jdubos2/mtstp/data/dpl_genome/star_index --outFileNamePrefix /home/jdubos2/mtstp/data/star_alignment_results/mtstpAcu66_ --readFilesIn /home/jdubos2/mtstp/data/raw_sequences/mtstpAcu66_1.fq.gz /home/jdubos2/mtstp/data/raw_sequences/mtstpAcu66_2.fq.gz --quantMode GeneCounts
	STAR version: 2.7.10b   compiled: 2023-02-10T18:11:41+00:00 :/home/jdubos2/STAR-2.7.10b/source
Sep 15 04:39:27 ..... started STAR run
Sep 15 04:39:27 ..... loading genome
Sep 15 04:39:30 ..... started mapping
Sep 15 04:59:33 ..... finished mapping
Sep 15 04:59:34 ..... finished successfully
	STAR --runMode alignReads --outSAMtype BAM Unsorted --runThreadN 8 --readFilesCommand zcat --genomeDir /home/jdubos2/mtstp/data/dpl_genome/star_index --outFileNamePrefix /home/jdubos2/mtstp/data/star_alignment_results/mtstpAcu67_ --readFilesIn /home/jdubos2/mtstp/data/raw_sequences/mtstpAcu67_1.fq.gz /home/jdubos2/mtstp/data/raw_sequences/mtstpAcu67_2.fq.gz --quantMode GeneCounts
	STAR version: 2.7.10b   compiled: 2023-02-10T18:11:41+00:00 :/home/jdubos2/STAR-2.7.10b/source
Sep 15 04:59:34 ..... started STAR run
Sep 15 04:59:34 ..... loading genome
Sep 15 04:59:37 ..... started mapping
Sep 15 05:16:12 ..... finished mapping
Sep 15 05:16:13 ..... finished successfully
	STAR --runMode alignReads --outSAMtype BAM Unsorted --runThreadN 8 --readFilesCommand zcat --genomeDir /home/jdubos2/mtstp/data/dpl_genome/star_index --outFileNamePrefix /home/jdubos2/mtstp/data/star_alignment_results/mtstpAcu68_ --readFilesIn /home/jdubos2/mtstp/data/raw_sequences/mtstpAcu68_1.fq.gz /home/jdubos2/mtstp/data/raw_sequences/mtstpAcu68_2.fq.gz --quantMode GeneCounts
	STAR version: 2.7.10b   compiled: 2023-02-10T18:11:41+00:00 :/home/jdubos2/STAR-2.7.10b/source
Sep 15 05:16:13 ..... started STAR run
Sep 15 05:16:13 ..... loading genome
Sep 15 05:16:15 ..... started mapping
Sep 15 05:34:25 ..... finished mapping
Sep 15 05:34:26 ..... finished successfully
	STAR --runMode alignReads --outSAMtype BAM Unsorted --runThreadN 8 --readFilesCommand zcat --genomeDir /home/jdubos2/mtstp/data/dpl_genome/star_index --outFileNamePrefix /home/jdubos2/mtstp/data/star_alignment_results/mtstpAcu69_ --readFilesIn /home/jdubos2/mtstp/data/raw_sequences/mtstpAcu69_1.fq.gz /home/jdubos2/mtstp/data/raw_sequences/mtstpAcu69_2.fq.gz --quantMode GeneCounts
	STAR version: 2.7.10b   compiled: 2023-02-10T18:11:41+00:00 :/home/jdubos2/STAR-2.7.10b/source
Sep 15 05:34:26 ..... started STAR run
Sep 15 05:34:26 ..... loading genome
Sep 15 05:34:28 ..... started mapping
Sep 15 05:46:59 ..... finished mapping
Sep 15 05:47:00 ..... finished successfully
	STAR --runMode alignReads --outSAMtype BAM Unsorted --runThreadN 8 --readFilesCommand zcat --genomeDir /home/jdubos2/mtstp/data/dpl_genome/star_index --outFileNamePrefix /home/jdubos2/mtstp/data/star_alignment_results/mtstpAii153_ --readFilesIn /home/jdubos2/mtstp/data/raw_sequences/mtstpAii153_1.fq.gz /home/jdubos2/mtstp/data/raw_sequences/mtstpAii153_2.fq.gz --quantMode GeneCounts
	STAR version: 2.7.10b   compiled: 2023-02-10T18:11:41+00:00 :/home/jdubos2/STAR-2.7.10b/source
Sep 15 05:47:00 ..... started STAR run
Sep 15 05:47:00 ..... loading genome
Sep 15 05:47:03 ..... started mapping
Sep 15 06:06:31 ..... finished mapping
Sep 15 06:06:31 ..... finished successfully
	STAR --runMode alignReads --outSAMtype BAM Unsorted --runThreadN 8 --readFilesCommand zcat --genomeDir /home/jdubos2/mtstp/data/dpl_genome/star_index --outFileNamePrefix /home/jdubos2/mtstp/data/star_alignment_results/mtstpAii154_ --readFilesIn /home/jdubos2/mtstp/data/raw_sequences/mtstpAii154_1.fq.gz /home/jdubos2/mtstp/data/raw_sequences/mtstpAii154_2.fq.gz --quantMode GeneCounts
	STAR version: 2.7.10b   compiled: 2023-02-10T18:11:41+00:00 :/home/jdubos2/STAR-2.7.10b/source
Sep 15 06:06:31 ..... started STAR run
Sep 15 06:06:31 ..... loading genome
Sep 15 06:06:34 ..... started mapping
Sep 15 06:20:53 ..... finished mapping
Sep 15 06:20:53 ..... finished successfully
	STAR --runMode alignReads --outSAMtype BAM Unsorted --runThreadN 8 --readFilesCommand zcat --genomeDir /home/jdubos2/mtstp/data/dpl_genome/star_index --outFileNamePrefix /home/jdubos2/mtstp/data/star_alignment_results/mtstpAii155_ --readFilesIn /home/jdubos2/mtstp/data/raw_sequences/mtstpAii155_1.fq.gz /home/jdubos2/mtstp/data/raw_sequences/mtstpAii155_2.fq.gz --quantMode GeneCounts
	STAR version: 2.7.10b   compiled: 2023-02-10T18:11:41+00:00 :/home/jdubos2/STAR-2.7.10b/source
Sep 15 06:20:53 ..... started STAR run
Sep 15 06:20:53 ..... loading genome
Sep 15 06:20:56 ..... started mapping
Sep 15 06:33:03 ..... finished mapping
Sep 15 06:33:04 ..... finished successfully
	STAR --runMode alignReads --outSAMtype BAM Unsorted --runThreadN 8 --readFilesCommand zcat --genomeDir /home/jdubos2/mtstp/data/dpl_genome/star_index --outFileNamePrefix /home/jdubos2/mtstp/data/star_alignment_results/mtstpAii156_ --readFilesIn /home/jdubos2/mtstp/data/raw_sequences/mtstpAii156_1.fq.gz /home/jdubos2/mtstp/data/raw_sequences/mtstpAii156_2.fq.gz --quantMode GeneCounts
	STAR version: 2.7.10b   compiled: 2023-02-10T18:11:41+00:00 :/home/jdubos2/STAR-2.7.10b/source
Sep 15 06:33:04 ..... started STAR run
Sep 15 06:33:04 ..... loading genome
Sep 15 06:33:07 ..... started mapping
Sep 15 06:46:33 ..... finished mapping
Sep 15 06:46:33 ..... finished successfully
	STAR --runMode alignReads --outSAMtype BAM Unsorted --runThreadN 8 --readFilesCommand zcat --genomeDir /home/jdubos2/mtstp/data/dpl_genome/star_index --outFileNamePrefix /home/jdubos2/mtstp/data/star_alignment_results/mtstpAii157_ --readFilesIn /home/jdubos2/mtstp/data/raw_sequences/mtstpAii157_1.fq.gz /home/jdubos2/mtstp/data/raw_sequences/mtstpAii157_2.fq.gz --quantMode GeneCounts
	STAR version: 2.7.10b   compiled: 2023-02-10T18:11:41+00:00 :/home/jdubos2/STAR-2.7.10b/source
Sep 15 06:46:33 ..... started STAR run
Sep 15 06:46:33 ..... loading genome
Sep 15 06:46:36 ..... started mapping
Sep 15 07:06:31 ..... finished mapping
Sep 15 07:06:32 ..... finished successfully
	STAR --runMode alignReads --outSAMtype BAM Unsorted --runThreadN 8 --readFilesCommand zcat --genomeDir /home/jdubos2/mtstp/data/dpl_genome/star_index --outFileNamePrefix /home/jdubos2/mtstp/data/star_alignment_results/mtstpAiu145_ --readFilesIn /home/jdubos2/mtstp/data/raw_sequences/mtstpAiu145_1.fq.gz /home/jdubos2/mtstp/data/raw_sequences/mtstpAiu145_2.fq.gz --quantMode GeneCounts
	STAR version: 2.7.10b   compiled: 2023-02-10T18:11:41+00:00 :/home/jdubos2/STAR-2.7.10b/source
Sep 15 07:06:32 ..... started STAR run
Sep 15 07:06:32 ..... loading genome
Sep 15 07:06:34 ..... started mapping
Sep 15 07:23:27 ..... finished mapping
Sep 15 07:23:27 ..... finished successfully
	STAR --runMode alignReads --outSAMtype BAM Unsorted --runThreadN 8 --readFilesCommand zcat --genomeDir /home/jdubos2/mtstp/data/dpl_genome/star_index --outFileNamePrefix /home/jdubos2/mtstp/data/star_alignment_results/mtstpAiu146_ --readFilesIn /home/jdubos2/mtstp/data/raw_sequences/mtstpAiu146_1.fq.gz /home/jdubos2/mtstp/data/raw_sequences/mtstpAiu146_2.fq.gz --quantMode GeneCounts
	STAR version: 2.7.10b   compiled: 2023-02-10T18:11:41+00:00 :/home/jdubos2/STAR-2.7.10b/source
Sep 15 07:23:27 ..... started STAR run
Sep 15 07:23:27 ..... loading genome
Sep 15 07:23:30 ..... started mapping
Sep 15 07:35:54 ..... finished mapping
Sep 15 07:35:55 ..... finished successfully
	STAR --runMode alignReads --outSAMtype BAM Unsorted --runThreadN 8 --readFilesCommand zcat --genomeDir /home/jdubos2/mtstp/data/dpl_genome/star_index --outFileNamePrefix /home/jdubos2/mtstp/data/star_alignment_results/mtstpAiu147_ --readFilesIn /home/jdubos2/mtstp/data/raw_sequences/mtstpAiu147_1.fq.gz /home/jdubos2/mtstp/data/raw_sequences/mtstpAiu147_2.fq.gz --quantMode GeneCounts
	STAR version: 2.7.10b   compiled: 2023-02-10T18:11:41+00:00 :/home/jdubos2/STAR-2.7.10b/source
Sep 15 07:35:55 ..... started STAR run
Sep 15 07:35:55 ..... loading genome
Sep 15 07:35:57 ..... started mapping
Sep 15 07:50:05 ..... finished mapping
Sep 15 07:50:06 ..... finished successfully
	STAR --runMode alignReads --outSAMtype BAM Unsorted --runThreadN 8 --readFilesCommand zcat --genomeDir /home/jdubos2/mtstp/data/dpl_genome/star_index --outFileNamePrefix /home/jdubos2/mtstp/data/star_alignment_results/mtstpAiu148_ --readFilesIn /home/jdubos2/mtstp/data/raw_sequences/mtstpAiu148_1.fq.gz /home/jdubos2/mtstp/data/raw_sequences/mtstpAiu148_2.fq.gz --quantMode GeneCounts
	STAR version: 2.7.10b   compiled: 2023-02-10T18:11:41+00:00 :/home/jdubos2/STAR-2.7.10b/source
Sep 15 07:50:06 ..... started STAR run
Sep 15 07:50:06 ..... loading genome
Sep 15 07:50:08 ..... started mapping
Sep 15 08:07:42 ..... finished mapping
Sep 15 08:07:42 ..... finished successfully
	STAR --runMode alignReads --outSAMtype BAM Unsorted --runThreadN 8 --readFilesCommand zcat --genomeDir /home/jdubos2/mtstp/data/dpl_genome/star_index --outFileNamePrefix /home/jdubos2/mtstp/data/star_alignment_results/mtstpAiu149_ --readFilesIn /home/jdubos2/mtstp/data/raw_sequences/mtstpAiu149_1.fq.gz /home/jdubos2/mtstp/data/raw_sequences/mtstpAiu149_2.fq.gz --quantMode GeneCounts
	STAR version: 2.7.10b   compiled: 2023-02-10T18:11:41+00:00 :/home/jdubos2/STAR-2.7.10b/source
Sep 15 08:07:42 ..... started STAR run
Sep 15 08:07:42 ..... loading genome
Sep 15 08:07:45 ..... started mapping
Sep 15 08:21:23 ..... finished mapping
Sep 15 08:21:24 ..... finished successfully
	STAR --runMode alignReads --outSAMtype BAM Unsorted --runThreadN 8 --readFilesCommand zcat --genomeDir /home/jdubos2/mtstp/data/dpl_genome/star_index --outFileNamePrefix /home/jdubos2/mtstp/data/star_alignment_results/mtstpEci41_ --readFilesIn /home/jdubos2/mtstp/data/raw_sequences/mtstpEci41_1.fq.gz /home/jdubos2/mtstp/data/raw_sequences/mtstpEci41_2.fq.gz --quantMode GeneCounts
	STAR version: 2.7.10b   compiled: 2023-02-10T18:11:41+00:00 :/home/jdubos2/STAR-2.7.10b/source
Sep 15 08:21:24 ..... started STAR run
Sep 15 08:21:24 ..... loading genome
Sep 15 08:21:27 ..... started mapping
Sep 15 08:32:05 ..... finished mapping
Sep 15 08:32:05 ..... finished successfully
	STAR --runMode alignReads --outSAMtype BAM Unsorted --runThreadN 8 --readFilesCommand zcat --genomeDir /home/jdubos2/mtstp/data/dpl_genome/star_index --outFileNamePrefix /home/jdubos2/mtstp/data/star_alignment_results/mtstpEci42_ --readFilesIn /home/jdubos2/mtstp/data/raw_sequences/mtstpEci42_1.fq.gz /home/jdubos2/mtstp/data/raw_sequences/mtstpEci42_2.fq.gz --quantMode GeneCounts
	STAR version: 2.7.10b   compiled: 2023-02-10T18:11:41+00:00 :/home/jdubos2/STAR-2.7.10b/source
Sep 15 08:32:05 ..... started STAR run
Sep 15 08:32:05 ..... loading genome
Sep 15 08:32:08 ..... started mapping
Sep 15 08:41:47 ..... finished mapping
Sep 15 08:41:47 ..... finished successfully
	STAR --runMode alignReads --outSAMtype BAM Unsorted --runThreadN 8 --readFilesCommand zcat --genomeDir /home/jdubos2/mtstp/data/dpl_genome/star_index --outFileNamePrefix /home/jdubos2/mtstp/data/star_alignment_results/mtstpEci43_ --readFilesIn /home/jdubos2/mtstp/data/raw_sequences/mtstpEci43_1.fq.gz /home/jdubos2/mtstp/data/raw_sequences/mtstpEci43_2.fq.gz --quantMode GeneCounts
	STAR version: 2.7.10b   compiled: 2023-02-10T18:11:41+00:00 :/home/jdubos2/STAR-2.7.10b/source
Sep 15 08:41:47 ..... started STAR run
Sep 15 08:41:47 ..... loading genome
Sep 15 08:41:50 ..... started mapping
Sep 15 08:52:10 ..... finished mapping
Sep 15 08:52:11 ..... finished successfully
	STAR --runMode alignReads --outSAMtype BAM Unsorted --runThreadN 8 --readFilesCommand zcat --genomeDir /home/jdubos2/mtstp/data/dpl_genome/star_index --outFileNamePrefix /home/jdubos2/mtstp/data/star_alignment_results/mtstpEci44_ --readFilesIn /home/jdubos2/mtstp/data/raw_sequences/mtstpEci44_1.fq.gz /home/jdubos2/mtstp/data/raw_sequences/mtstpEci44_2.fq.gz --quantMode GeneCounts
	STAR version: 2.7.10b   compiled: 2023-02-10T18:11:41+00:00 :/home/jdubos2/STAR-2.7.10b/source
Sep 15 08:52:11 ..... started STAR run
Sep 15 08:52:11 ..... loading genome
Sep 15 08:52:13 ..... started mapping
Sep 15 09:01:20 ..... finished mapping
Sep 15 09:01:20 ..... finished successfully
	STAR --runMode alignReads --outSAMtype BAM Unsorted --runThreadN 8 --readFilesCommand zcat --genomeDir /home/jdubos2/mtstp/data/dpl_genome/star_index --outFileNamePrefix /home/jdubos2/mtstp/data/star_alignment_results/mtstpEci45_ --readFilesIn /home/jdubos2/mtstp/data/raw_sequences/mtstpEci45_1.fq.gz /home/jdubos2/mtstp/data/raw_sequences/mtstpEci45_2.fq.gz --quantMode GeneCounts
	STAR version: 2.7.10b   compiled: 2023-02-10T18:11:41+00:00 :/home/jdubos2/STAR-2.7.10b/source
Sep 15 09:01:20 ..... started STAR run
Sep 15 09:01:20 ..... loading genome
Sep 15 09:01:23 ..... started mapping
Sep 15 09:11:41 ..... finished mapping
Sep 15 09:11:42 ..... finished successfully
	STAR --runMode alignReads --outSAMtype BAM Unsorted --runThreadN 8 --readFilesCommand zcat --genomeDir /home/jdubos2/mtstp/data/dpl_genome/star_index --outFileNamePrefix /home/jdubos2/mtstp/data/star_alignment_results/mtstpEcu33_ --readFilesIn /home/jdubos2/mtstp/data/raw_sequences/mtstpEcu33_1.fq.gz /home/jdubos2/mtstp/data/raw_sequences/mtstpEcu33_2.fq.gz --quantMode GeneCounts
	STAR version: 2.7.10b   compiled: 2023-02-10T18:11:41+00:00 :/home/jdubos2/STAR-2.7.10b/source
Sep 15 09:11:42 ..... started STAR run
Sep 15 09:11:42 ..... loading genome
Sep 15 09:11:45 ..... started mapping
Sep 15 09:21:32 ..... finished mapping
Sep 15 09:21:33 ..... finished successfully
	STAR --runMode alignReads --outSAMtype BAM Unsorted --runThreadN 8 --readFilesCommand zcat --genomeDir /home/jdubos2/mtstp/data/dpl_genome/star_index --outFileNamePrefix /home/jdubos2/mtstp/data/star_alignment_results/mtstpEcu34_ --readFilesIn /home/jdubos2/mtstp/data/raw_sequences/mtstpEcu34_1.fq.gz /home/jdubos2/mtstp/data/raw_sequences/mtstpEcu34_2.fq.gz --quantMode GeneCounts
	STAR version: 2.7.10b   compiled: 2023-02-10T18:11:41+00:00 :/home/jdubos2/STAR-2.7.10b/source
Sep 15 09:21:33 ..... started STAR run
Sep 15 09:21:33 ..... loading genome
Sep 15 09:21:35 ..... started mapping
Sep 15 09:31:38 ..... finished mapping
Sep 15 09:31:38 ..... finished successfully
	STAR --runMode alignReads --outSAMtype BAM Unsorted --runThreadN 8 --readFilesCommand zcat --genomeDir /home/jdubos2/mtstp/data/dpl_genome/star_index --outFileNamePrefix /home/jdubos2/mtstp/data/star_alignment_results/mtstpEcu35_ --readFilesIn /home/jdubos2/mtstp/data/raw_sequences/mtstpEcu35_1.fq.gz /home/jdubos2/mtstp/data/raw_sequences/mtstpEcu35_2.fq.gz --quantMode GeneCounts
	STAR version: 2.7.10b   compiled: 2023-02-10T18:11:41+00:00 :/home/jdubos2/STAR-2.7.10b/source
Sep 15 09:31:38 ..... started STAR run
Sep 15 09:31:38 ..... loading genome
Sep 15 09:31:41 ..... started mapping
Sep 15 09:40:20 ..... finished mapping
Sep 15 09:40:21 ..... finished successfully
!!!!! WARNING:  Could not ls /home/jdubos2/mtstp/data/raw_sequences/mtstpEcu36_1.fq.gz
slurmstepd-bio: error: *** JOB 58316 ON bio CANCELLED AT 2023-09-17T18:43:05 DUE TO TIME LIMIT ***
