	STAR --runMode alignReads --outSAMtype BAM Unsorted --runThreadN 8 --readFilesCommand zcat --genomeDir /home/jdubos2/mtstp/data/dpl_genome/star_index --outFileNamePrefix /home/jdubos2/mtstp/data/star_alignment_results/mtstpLci64_ --readFilesIn /home/jdubos2/mtstp/data/raw_sequences/mtstpLci64_1.fq.gz /home/jdubos2/mtstp/data/raw_sequences/mtstpLci64_2.fq.gz --quantMode GeneCounts
	STAR version: 2.7.11a   compiled: 2023-08-15T11:38:34-04:00 :/home/dobin/data/STAR/STARcode/STAR.master/source
Sep 15 17:12:38 ..... started STAR run
Sep 15 17:12:38 ..... loading genome
Sep 15 17:12:41 ..... started mapping
Sep 15 17:25:48 ..... finished mapping
Sep 15 17:25:48 ..... finished successfully
	STAR --runMode alignReads --outSAMtype BAM Unsorted --runThreadN 8 --readFilesCommand zcat --genomeDir /home/jdubos2/mtstp/data/dpl_genome/star_index --outFileNamePrefix /home/jdubos2/mtstp/data/star_alignment_results/mtstpLcu49_ --readFilesIn /home/jdubos2/mtstp/data/raw_sequences/mtstpLcu49_1.fq.gz /home/jdubos2/mtstp/data/raw_sequences/mtstpLcu49_2.fq.gz --quantMode GeneCounts
	STAR version: 2.7.11a   compiled: 2023-08-15T11:38:34-04:00 :/home/dobin/data/STAR/STARcode/STAR.master/source
Sep 15 17:25:48 ..... started STAR run
Sep 15 17:25:48 ..... loading genome
Sep 15 17:25:50 ..... started mapping
Sep 15 17:39:55 ..... finished mapping
Sep 15 17:39:56 ..... finished successfully
	STAR --runMode alignReads --outSAMtype BAM Unsorted --runThreadN 8 --readFilesCommand zcat --genomeDir /home/jdubos2/mtstp/data/dpl_genome/star_index --outFileNamePrefix /home/jdubos2/mtstp/data/star_alignment_results/mtstpLcu50_ --readFilesIn /home/jdubos2/mtstp/data/raw_sequences/mtstpLcu50_1.fq.gz /home/jdubos2/mtstp/data/raw_sequences/mtstpLcu50_2.fq.gz --quantMode GeneCounts
	STAR version: 2.7.11a   compiled: 2023-08-15T11:38:34-04:00 :/home/dobin/data/STAR/STARcode/STAR.master/source
Sep 15 17:39:56 ..... started STAR run
Sep 15 17:39:56 ..... loading genome
Sep 15 17:39:58 ..... started mapping
Sep 15 17:54:19 ..... finished mapping
Sep 15 17:54:19 ..... finished successfully
	STAR --runMode alignReads --outSAMtype BAM Unsorted --runThreadN 8 --readFilesCommand zcat --genomeDir /home/jdubos2/mtstp/data/dpl_genome/star_index --outFileNamePrefix /home/jdubos2/mtstp/data/star_alignment_results/mtstpLcu52_ --readFilesIn /home/jdubos2/mtstp/data/raw_sequences/mtstpLcu52_1.fq.gz /home/jdubos2/mtstp/data/raw_sequences/mtstpLcu52_2.fq.gz --quantMode GeneCounts
	STAR version: 2.7.11a   compiled: 2023-08-15T11:38:34-04:00 :/home/dobin/data/STAR/STARcode/STAR.master/source
Sep 15 17:54:19 ..... started STAR run
Sep 15 17:54:19 ..... loading genome
Sep 15 17:54:22 ..... started mapping
Sep 15 18:07:40 ..... finished mapping
Sep 15 18:07:40 ..... finished successfully
	STAR --runMode alignReads --outSAMtype BAM Unsorted --runThreadN 8 --readFilesCommand zcat --genomeDir /home/jdubos2/mtstp/data/dpl_genome/star_index --outFileNamePrefix /home/jdubos2/mtstp/data/star_alignment_results/mtstpLcu53_ --readFilesIn /home/jdubos2/mtstp/data/raw_sequences/mtstpLcu53_1.fq.gz /home/jdubos2/mtstp/data/raw_sequences/mtstpLcu53_2.fq.gz --quantMode GeneCounts
	STAR version: 2.7.11a   compiled: 2023-08-15T11:38:34-04:00 :/home/dobin/data/STAR/STARcode/STAR.master/source
Sep 15 18:07:40 ..... started STAR run
Sep 15 18:07:40 ..... loading genome
Sep 15 18:07:43 ..... started mapping
Sep 15 18:18:15 ..... finished mapping
Sep 15 18:18:15 ..... finished successfully
	STAR --runMode alignReads --outSAMtype BAM Unsorted --runThreadN 8 --readFilesCommand zcat --genomeDir /home/jdubos2/mtstp/data/dpl_genome/star_index --outFileNamePrefix /home/jdubos2/mtstp/data/star_alignment_results/mtstpLcu56_ --readFilesIn /home/jdubos2/mtstp/data/raw_sequences/mtstpLcu56_1.fq.gz /home/jdubos2/mtstp/data/raw_sequences/mtstpLcu56_2.fq.gz --quantMode GeneCounts
	STAR version: 2.7.11a   compiled: 2023-08-15T11:38:34-04:00 :/home/dobin/data/STAR/STARcode/STAR.master/source
Sep 15 18:18:15 ..... started STAR run
Sep 15 18:18:15 ..... loading genome
Sep 15 18:18:18 ..... started mapping
Sep 15 18:34:22 ..... finished mapping
Sep 15 18:34:22 ..... finished successfully
	STAR --runMode alignReads --outSAMtype BAM Unsorted --runThreadN 8 --readFilesCommand zcat --genomeDir /home/jdubos2/mtstp/data/dpl_genome/star_index --outFileNamePrefix /home/jdubos2/mtstp/data/star_alignment_results/mtstpLii137_ --readFilesIn /home/jdubos2/mtstp/data/raw_sequences/mtstpLii137_1.fq.gz /home/jdubos2/mtstp/data/raw_sequences/mtstpLii137_2.fq.gz --quantMode GeneCounts
	STAR version: 2.7.11a   compiled: 2023-08-15T11:38:34-04:00 :/home/dobin/data/STAR/STARcode/STAR.master/source
Sep 15 18:34:22 ..... started STAR run
Sep 15 18:34:22 ..... loading genome
Sep 15 18:34:25 ..... started mapping
Sep 15 18:56:45 ..... finished mapping
Sep 15 18:56:45 ..... finished successfully
	STAR --runMode alignReads --outSAMtype BAM Unsorted --runThreadN 8 --readFilesCommand zcat --genomeDir /home/jdubos2/mtstp/data/dpl_genome/star_index --outFileNamePrefix /home/jdubos2/mtstp/data/star_alignment_results/mtstpLii138_ --readFilesIn /home/jdubos2/mtstp/data/raw_sequences/mtstpLii138_1.fq.gz /home/jdubos2/mtstp/data/raw_sequences/mtstpLii138_2.fq.gz --quantMode GeneCounts
	STAR version: 2.7.11a   compiled: 2023-08-15T11:38:34-04:00 :/home/dobin/data/STAR/STARcode/STAR.master/source
Sep 15 18:56:45 ..... started STAR run
Sep 15 18:56:45 ..... loading genome
Sep 15 18:56:48 ..... started mapping
Sep 15 19:10:58 ..... finished mapping
Sep 15 19:10:58 ..... finished successfully
	STAR --runMode alignReads --outSAMtype BAM Unsorted --runThreadN 8 --readFilesCommand zcat --genomeDir /home/jdubos2/mtstp/data/dpl_genome/star_index --outFileNamePrefix /home/jdubos2/mtstp/data/star_alignment_results/mtstpLii140_ --readFilesIn /home/jdubos2/mtstp/data/raw_sequences/mtstpLii140_1.fq.gz /home/jdubos2/mtstp/data/raw_sequences/mtstpLii140_2.fq.gz --quantMode GeneCounts
	STAR version: 2.7.11a   compiled: 2023-08-15T11:38:34-04:00 :/home/dobin/data/STAR/STARcode/STAR.master/source
Sep 15 19:10:58 ..... started STAR run
Sep 15 19:10:58 ..... loading genome
Sep 15 19:11:00 ..... started mapping
Sep 15 19:41:45 ..... finished mapping
Sep 15 19:41:45 ..... finished successfully
	STAR --runMode alignReads --outSAMtype BAM Unsorted --runThreadN 8 --readFilesCommand zcat --genomeDir /home/jdubos2/mtstp/data/dpl_genome/star_index --outFileNamePrefix /home/jdubos2/mtstp/data/star_alignment_results/mtstpLii141_ --readFilesIn /home/jdubos2/mtstp/data/raw_sequences/mtstpLii141_1.fq.gz /home/jdubos2/mtstp/data/raw_sequences/mtstpLii141_2.fq.gz --quantMode GeneCounts
	STAR version: 2.7.11a   compiled: 2023-08-15T11:38:34-04:00 :/home/dobin/data/STAR/STARcode/STAR.master/source
Sep 15 19:41:45 ..... started STAR run
Sep 15 19:41:45 ..... loading genome
Sep 15 19:41:47 ..... started mapping
Sep 15 19:55:54 ..... finished mapping
Sep 15 19:55:54 ..... finished successfully
	STAR --runMode alignReads --outSAMtype BAM Unsorted --runThreadN 8 --readFilesCommand zcat --genomeDir /home/jdubos2/mtstp/data/dpl_genome/star_index --outFileNamePrefix /home/jdubos2/mtstp/data/star_alignment_results/mtstpLiu129_ --readFilesIn /home/jdubos2/mtstp/data/raw_sequences/mtstpLiu129_1.fq.gz /home/jdubos2/mtstp/data/raw_sequences/mtstpLiu129_2.fq.gz --quantMode GeneCounts
	STAR version: 2.7.11a   compiled: 2023-08-15T11:38:34-04:00 :/home/dobin/data/STAR/STARcode/STAR.master/source
Sep 15 19:55:54 ..... started STAR run
Sep 15 19:55:54 ..... loading genome
Sep 15 19:55:57 ..... started mapping
Sep 15 20:06:29 ..... finished mapping
Sep 15 20:06:29 ..... finished successfully
	STAR --runMode alignReads --outSAMtype BAM Unsorted --runThreadN 8 --readFilesCommand zcat --genomeDir /home/jdubos2/mtstp/data/dpl_genome/star_index --outFileNamePrefix /home/jdubos2/mtstp/data/star_alignment_results/mtstpLiu130_ --readFilesIn /home/jdubos2/mtstp/data/raw_sequences/mtstpLiu130_1.fq.gz /home/jdubos2/mtstp/data/raw_sequences/mtstpLiu130_2.fq.gz --quantMode GeneCounts
	STAR version: 2.7.11a   compiled: 2023-08-15T11:38:34-04:00 :/home/dobin/data/STAR/STARcode/STAR.master/source
Sep 15 20:06:30 ..... started STAR run
Sep 15 20:06:30 ..... loading genome
Sep 15 20:06:32 ..... started mapping
Sep 15 20:26:07 ..... finished mapping
Sep 15 20:26:07 ..... finished successfully
	STAR --runMode alignReads --outSAMtype BAM Unsorted --runThreadN 8 --readFilesCommand zcat --genomeDir /home/jdubos2/mtstp/data/dpl_genome/star_index --outFileNamePrefix /home/jdubos2/mtstp/data/star_alignment_results/mtstpLiu131_ --readFilesIn /home/jdubos2/mtstp/data/raw_sequences/mtstpLiu131_1.fq.gz /home/jdubos2/mtstp/data/raw_sequences/mtstpLiu131_2.fq.gz --quantMode GeneCounts
	STAR version: 2.7.11a   compiled: 2023-08-15T11:38:34-04:00 :/home/dobin/data/STAR/STARcode/STAR.master/source
Sep 15 20:26:07 ..... started STAR run
Sep 15 20:26:07 ..... loading genome
Sep 15 20:26:10 ..... started mapping
Sep 15 20:41:41 ..... finished mapping
Sep 15 20:41:42 ..... finished successfully
	STAR --runMode alignReads --outSAMtype BAM Unsorted --runThreadN 8 --readFilesCommand zcat --genomeDir /home/jdubos2/mtstp/data/dpl_genome/star_index --outFileNamePrefix /home/jdubos2/mtstp/data/star_alignment_results/mtstpLiu133_ --readFilesIn /home/jdubos2/mtstp/data/raw_sequences/mtstpLiu133_1.fq.gz /home/jdubos2/mtstp/data/raw_sequences/mtstpLiu133_2.fq.gz --quantMode GeneCounts
	STAR version: 2.7.11a   compiled: 2023-08-15T11:38:34-04:00 :/home/dobin/data/STAR/STARcode/STAR.master/source
Sep 15 20:41:42 ..... started STAR run
Sep 15 20:41:42 ..... loading genome
Sep 15 20:41:44 ..... started mapping
Sep 15 20:53:06 ..... finished mapping
Sep 15 20:53:06 ..... finished successfully
	STAR --runMode alignReads --outSAMtype BAM Unsorted --runThreadN 8 --readFilesCommand zcat --genomeDir /home/jdubos2/mtstp/data/dpl_genome/star_index --outFileNamePrefix /home/jdubos2/mtstp/data/star_alignment_results/mtstpLiu135_ --readFilesIn /home/jdubos2/mtstp/data/raw_sequences/mtstpLiu135_1.fq.gz /home/jdubos2/mtstp/data/raw_sequences/mtstpLiu135_2.fq.gz --quantMode GeneCounts
	STAR version: 2.7.11a   compiled: 2023-08-15T11:38:34-04:00 :/home/dobin/data/STAR/STARcode/STAR.master/source
Sep 15 20:53:07 ..... started STAR run
Sep 15 20:53:07 ..... loading genome
Sep 15 20:53:09 ..... started mapping
Sep 15 21:05:01 ..... finished mapping
Sep 15 21:05:02 ..... finished successfully
