mtstp3ci10
mtstp3ci11
mtstp3ci12
mtstp3ci13
mtstp3ci9
mtstp3cu2
mtstp3cu3
mtstp3cu4
mtstp3cu5
mtstp3cu8
mtstp3ii89
mtstp3ii90
mtstp3ii92
mtstp3ii94
mtstp3iu81
mtstp3iu82
mtstp3iu83
mtstp3iu84
mtstp3iu85
mtstp5ci25
mtstp5ci26
mtstp5ci27
mtstp5ci28
mtstp5cu17
mtstp5cu18
mtstp5cu19
mtstp5cu20
mtstp5cu21
mtstp5ii105
mtstp5ii107
mtstp5ii108
mtstp5ii109
mtstp5ii112
mtstp5iu100
mtstp5iu101
mtstp5iu97
mtstp5iu98
mtstp5iu99
mtstpAci73
mtstpAci74
mtstpAci75
mtstpAci76
mtstpAci77
mtstpAcu65
mtstpAcu66
mtstpAcu67
mtstpAcu68
mtstpAcu69
mtstpAii153
mtstpAii154
mtstpAii155
mtstpAii156
mtstpAii157
mtstpAiu145
mtstpAiu146
mtstpAiu147
mtstpAiu148
mtstpAiu149
mtstpEci41
mtstpEci42
mtstpEci43
mtstpEci44
mtstpEci45
mtstpEcu33
mtstpEcu34
mtstpEcu35
mtstpEcu36
mtstpEcu38
mtstpEii121
mtstpEii122
mtstpEii123
mtstpEii124
	STAR --runMode alignReads --outSAMtype BAM Unsorted --runThreadN 8 --readFilesCommand zcat --genomeDir /home/jdubos2/mtstp/data/dpl_genome/star_index --outFileNamePrefix /home/jdubos2/mtstp/data/star_alignment_results/mtstpEii124_ --readFilesIn /home/jdubos2/mtstp/data/raw_sequences/mtstpEii124_1.fq.gz /home/jdubos2/mtstp/data/raw_sequences/mtstpEii124_2.fq.gz --quantMode GeneCounts
	STAR version: 2.7.11a   compiled: 2023-08-15T11:38:34-04:00 :/home/dobin/data/STAR/STARcode/STAR.master/source
Sep 15 15:01:15 ..... started STAR run
Sep 15 15:01:15 ..... loading genome
Sep 15 15:01:17 ..... started mapping
Sep 15 15:14:14 ..... finished mapping
Sep 15 15:14:15 ..... finished successfully
mtstpEii125
	STAR --runMode alignReads --outSAMtype BAM Unsorted --runThreadN 8 --readFilesCommand zcat --genomeDir /home/jdubos2/mtstp/data/dpl_genome/star_index --outFileNamePrefix /home/jdubos2/mtstp/data/star_alignment_results/mtstpEii125_ --readFilesIn /home/jdubos2/mtstp/data/raw_sequences/mtstpEii125_1.fq.gz /home/jdubos2/mtstp/data/raw_sequences/mtstpEii125_2.fq.gz --quantMode GeneCounts
	STAR version: 2.7.11a   compiled: 2023-08-15T11:38:34-04:00 :/home/dobin/data/STAR/STARcode/STAR.master/source
Sep 15 15:14:15 ..... started STAR run
Sep 15 15:14:15 ..... loading genome
Sep 15 15:14:17 ..... started mapping
Sep 15 15:23:57 ..... finished mapping
Sep 15 15:23:57 ..... finished successfully
mtstpEiu113
	STAR --runMode alignReads --outSAMtype BAM Unsorted --runThreadN 8 --readFilesCommand zcat --genomeDir /home/jdubos2/mtstp/data/dpl_genome/star_index --outFileNamePrefix /home/jdubos2/mtstp/data/star_alignment_results/mtstpEiu113_ --readFilesIn /home/jdubos2/mtstp/data/raw_sequences/mtstpEiu113_1.fq.gz /home/jdubos2/mtstp/data/raw_sequences/mtstpEiu113_2.fq.gz --quantMode GeneCounts
	STAR version: 2.7.11a   compiled: 2023-08-15T11:38:34-04:00 :/home/dobin/data/STAR/STARcode/STAR.master/source
Sep 15 15:23:57 ..... started STAR run
Sep 15 15:23:57 ..... loading genome
Sep 15 15:23:59 ..... started mapping
Sep 15 15:35:35 ..... finished mapping
Sep 15 15:35:36 ..... finished successfully
mtstpEiu114
	STAR --runMode alignReads --outSAMtype BAM Unsorted --runThreadN 8 --readFilesCommand zcat --genomeDir /home/jdubos2/mtstp/data/dpl_genome/star_index --outFileNamePrefix /home/jdubos2/mtstp/data/star_alignment_results/mtstpEiu114_ --readFilesIn /home/jdubos2/mtstp/data/raw_sequences/mtstpEiu114_1.fq.gz /home/jdubos2/mtstp/data/raw_sequences/mtstpEiu114_2.fq.gz --quantMode GeneCounts
	STAR version: 2.7.11a   compiled: 2023-08-15T11:38:34-04:00 :/home/dobin/data/STAR/STARcode/STAR.master/source
Sep 15 15:35:36 ..... started STAR run
Sep 15 15:35:36 ..... loading genome
Sep 15 15:35:38 ..... started mapping
Sep 15 15:44:24 ..... finished mapping
Sep 15 15:44:24 ..... finished successfully
mtstpEiu115
	STAR --runMode alignReads --outSAMtype BAM Unsorted --runThreadN 8 --readFilesCommand zcat --genomeDir /home/jdubos2/mtstp/data/dpl_genome/star_index --outFileNamePrefix /home/jdubos2/mtstp/data/star_alignment_results/mtstpEiu115_ --readFilesIn /home/jdubos2/mtstp/data/raw_sequences/mtstpEiu115_1.fq.gz /home/jdubos2/mtstp/data/raw_sequences/mtstpEiu115_2.fq.gz --quantMode GeneCounts
	STAR version: 2.7.11a   compiled: 2023-08-15T11:38:34-04:00 :/home/dobin/data/STAR/STARcode/STAR.master/source
Sep 15 15:44:24 ..... started STAR run
Sep 15 15:44:24 ..... loading genome
Sep 15 15:44:27 ..... started mapping
Sep 15 15:53:58 ..... finished mapping
Sep 15 15:53:58 ..... finished successfully
mtstpEiu116
	STAR --runMode alignReads --outSAMtype BAM Unsorted --runThreadN 8 --readFilesCommand zcat --genomeDir /home/jdubos2/mtstp/data/dpl_genome/star_index --outFileNamePrefix /home/jdubos2/mtstp/data/star_alignment_results/mtstpEiu116_ --readFilesIn /home/jdubos2/mtstp/data/raw_sequences/mtstpEiu116_1.fq.gz /home/jdubos2/mtstp/data/raw_sequences/mtstpEiu116_2.fq.gz --quantMode GeneCounts
	STAR version: 2.7.11a   compiled: 2023-08-15T11:38:34-04:00 :/home/dobin/data/STAR/STARcode/STAR.master/source
Sep 15 15:53:58 ..... started STAR run
Sep 15 15:53:58 ..... loading genome
Sep 15 15:54:01 ..... started mapping
Sep 15 16:06:33 ..... finished mapping
Sep 15 16:06:34 ..... finished successfully
mtstpEiu117
	STAR --runMode alignReads --outSAMtype BAM Unsorted --runThreadN 8 --readFilesCommand zcat --genomeDir /home/jdubos2/mtstp/data/dpl_genome/star_index --outFileNamePrefix /home/jdubos2/mtstp/data/star_alignment_results/mtstpEiu117_ --readFilesIn /home/jdubos2/mtstp/data/raw_sequences/mtstpEiu117_1.fq.gz /home/jdubos2/mtstp/data/raw_sequences/mtstpEiu117_2.fq.gz --quantMode GeneCounts
	STAR version: 2.7.11a   compiled: 2023-08-15T11:38:34-04:00 :/home/dobin/data/STAR/STARcode/STAR.master/source
Sep 15 16:06:34 ..... started STAR run
Sep 15 16:06:34 ..... loading genome
Sep 15 16:06:36 ..... started mapping
Sep 15 16:15:27 ..... finished mapping
Sep 15 16:15:28 ..... finished successfully
mtstpLci57
	STAR --runMode alignReads --outSAMtype BAM Unsorted --runThreadN 8 --readFilesCommand zcat --genomeDir /home/jdubos2/mtstp/data/dpl_genome/star_index --outFileNamePrefix /home/jdubos2/mtstp/data/star_alignment_results/mtstpLci57_ --readFilesIn /home/jdubos2/mtstp/data/raw_sequences/mtstpLci57_1.fq.gz /home/jdubos2/mtstp/data/raw_sequences/mtstpLci57_2.fq.gz --quantMode GeneCounts
	STAR version: 2.7.11a   compiled: 2023-08-15T11:38:34-04:00 :/home/dobin/data/STAR/STARcode/STAR.master/source
Sep 15 16:15:28 ..... started STAR run
Sep 15 16:15:28 ..... loading genome
Sep 15 16:15:30 ..... started mapping
Sep 15 16:34:13 ..... finished mapping
Sep 15 16:34:13 ..... finished successfully
mtstpLci58
	STAR --runMode alignReads --outSAMtype BAM Unsorted --runThreadN 8 --readFilesCommand zcat --genomeDir /home/jdubos2/mtstp/data/dpl_genome/star_index --outFileNamePrefix /home/jdubos2/mtstp/data/star_alignment_results/mtstpLci58_ --readFilesIn /home/jdubos2/mtstp/data/raw_sequences/mtstpLci58_1.fq.gz /home/jdubos2/mtstp/data/raw_sequences/mtstpLci58_2.fq.gz --quantMode GeneCounts
	STAR version: 2.7.11a   compiled: 2023-08-15T11:38:34-04:00 :/home/dobin/data/STAR/STARcode/STAR.master/source
Sep 15 16:34:13 ..... started STAR run
Sep 15 16:34:13 ..... loading genome
Sep 15 16:34:15 ..... started mapping
Sep 15 16:45:10 ..... finished mapping
Sep 15 16:45:10 ..... finished successfully
mtstpLci60
	STAR --runMode alignReads --outSAMtype BAM Unsorted --runThreadN 8 --readFilesCommand zcat --genomeDir /home/jdubos2/mtstp/data/dpl_genome/star_index --outFileNamePrefix /home/jdubos2/mtstp/data/star_alignment_results/mtstpLci60_ --readFilesIn /home/jdubos2/mtstp/data/raw_sequences/mtstpLci60_1.fq.gz /home/jdubos2/mtstp/data/raw_sequences/mtstpLci60_2.fq.gz --quantMode GeneCounts
	STAR version: 2.7.11a   compiled: 2023-08-15T11:38:34-04:00 :/home/dobin/data/STAR/STARcode/STAR.master/source
Sep 15 16:45:10 ..... started STAR run
Sep 15 16:45:10 ..... loading genome
Sep 15 16:45:12 ..... started mapping
Sep 15 16:59:26 ..... finished mapping
Sep 15 16:59:27 ..... finished successfully
mtstpLci64
	STAR --runMode alignReads --outSAMtype BAM Unsorted --runThreadN 8 --readFilesCommand zcat --genomeDir /home/jdubos2/mtstp/data/dpl_genome/star_index --outFileNamePrefix /home/jdubos2/mtstp/data/star_alignment_results/mtstpLci64_ --readFilesIn /home/jdubos2/mtstp/data/raw_sequences/mtstpLci64_1.fq.gz /home/jdubos2/mtstp/data/raw_sequences/mtstpLci64_2.fq.gz --quantMode GeneCounts
	STAR version: 2.7.11a   compiled: 2023-08-15T11:38:34-04:00 :/home/dobin/data/STAR/STARcode/STAR.master/source
Sep 15 16:59:27 ..... started STAR run
Sep 15 16:59:27 ..... loading genome
Sep 15 16:59:29 ..... started mapping
slurmstepd-bio: error: *** JOB 58355 ON bio CANCELLED AT 2023-09-15T17:01:28 DUE TO TIME LIMIT ***
