Working on mtstp5cu20
Completed mtstp5cu20
Working on mtstp5cu21
Completed mtstp5cu21
Working on mtstp5ii105
Completed mtstp5ii105
Working on mtstp5ii107
Completed mtstp5ii107
Working on mtstp5ii108
Completed mtstp5ii108
Working on mtstp5ii109
Completed mtstp5ii109
Working on mtstp5ii112
Completed mtstp5ii112
Working on mtstp5iu100
Completed mtstp5iu100
Working on mtstp5iu101
Completed mtstp5iu101
Working on mtstp5iu97
Completed mtstp5iu97
Working on mtstp5iu98
Completed mtstp5iu98
Working on mtstp5iu99
Completed mtstp5iu99
Working on mtstpAci73
Completed mtstpAci73
Working on mtstpAci74
Completed mtstpAci74
Working on mtstpAci75
Completed mtstpAci75
Working on mtstpAci76
Completed mtstpAci76
Working on mtstpAci77
Completed mtstpAci77
Working on mtstpAcu65
Completed mtstpAcu65
Working on mtstpAcu66
Completed mtstpAcu66
Working on mtstpAcu67
Completed mtstpAcu67
Working on mtstpAcu68
Completed mtstpAcu68
Working on mtstpAcu69
Completed mtstpAcu69
Working on mtstpAii153
Completed mtstpAii153
Working on mtstpAii154
Completed mtstpAii154
Working on mtstpAii155
Completed mtstpAii155
Working on mtstpAii156
Completed mtstpAii156
Working on mtstpAii157
Completed mtstpAii157
Working on mtstpAiu145
Completed mtstpAiu145
Working on mtstpAiu146
Completed mtstpAiu146
Working on mtstpAiu147
Completed mtstpAiu147
Working on mtstpAiu148
Completed mtstpAiu148
Working on mtstpAiu149
Completed mtstpAiu149
Working on mtstpEci41
Completed mtstpEci41
Working on mtstpEci42
Completed mtstpEci42
Working on mtstpEci43
Completed mtstpEci43
Working on mtstpEci44
Completed mtstpEci44
Working on mtstpEci45
Completed mtstpEci45
Working on mtstpEcu33
Completed mtstpEcu33
Working on mtstpEcu34
Completed mtstpEcu34
Working on mtstpEcu35
[W::bam_hdr_read] EOF marker is absent. The input is probably truncated
[E::bgzf_read] Read block operation failed with error 4 after 24 of 32 bytes
[main_samview] truncated file.
Completed mtstpEcu35
Working on mtstpEcu36
Completed mtstpEcu36
Working on mtstpEcu38
Completed mtstpEcu38
Working on mtstpEii121
Completed mtstpEii121
Working on mtstpEii122
Completed mtstpEii122
Working on mtstpEii123
Completed mtstpEii123
Working on mtstpEii124
Completed mtstpEii124
Working on mtstpEii125
Completed mtstpEii125
Working on mtstpEiu113
Completed mtstpEiu113
Working on mtstpEiu114
Completed mtstpEiu114
Working on mtstpEiu115
Completed mtstpEiu115
Working on mtstpEiu116
Completed mtstpEiu116
Working on mtstpEiu117
Completed mtstpEiu117
Working on mtstpLci57
Completed mtstpLci57
Working on mtstpLci58
Completed mtstpLci58
Working on mtstpLci60
Completed mtstpLci60
Working on mtstpLci64
Completed mtstpLci64
Working on mtstpLcu49
Completed mtstpLcu49
Working on mtstpLcu50
Completed mtstpLcu50
Working on mtstpLcu52
Completed mtstpLcu52
Working on mtstpLcu53
Completed mtstpLcu53
Working on mtstpLcu56
Completed mtstpLcu56
Working on mtstpLii137
Completed mtstpLii137
Working on mtstpLii138
Completed mtstpLii138
Working on mtstpLii140
Completed mtstpLii140
Working on mtstpLii141
Completed mtstpLii141
Working on mtstpLiu129
Completed mtstpLiu129
Working on mtstpLiu130
Completed mtstpLiu130
Working on mtstpLiu131
Completed mtstpLiu131
Working on mtstpLiu133
Completed mtstpLiu133
Working on mtstpLiu135
Completed mtstpLiu135
