Working on mtstpLci64
Total unique ids: 20939995
sample:/home/jdubos2/mtstp/data/unambiguous_reads/mtstpLci64_unambiguous_1.fq kept:20939995 ambiguous:1506879
Writing output
Compressing output
sample:/home/jdubos2/mtstp/data/unambiguous_reads/mtstpLci64_unambiguous_2.fq kept:20939995 ambiguous:1506879
Writing output
Compressing output
Working on mtstpEii123
Total unique ids: 26914250
sample:/home/jdubos2/mtstp/data/unambiguous_reads/mtstpEii123_unambiguous_1.fq kept:26914250 ambiguous:1585302
Writing output
Compressing output
sample:/home/jdubos2/mtstp/data/unambiguous_reads/mtstpEii123_unambiguous_2.fq kept:26914250 ambiguous:1585302
Writing output
Compressing output
Working on mtstpEci45
Total unique ids: 21728660
sample:/home/jdubos2/mtstp/data/unambiguous_reads/mtstpEci45_unambiguous_1.fq kept:21728660 ambiguous:1308053
Writing output
Compressing output
sample:/home/jdubos2/mtstp/data/unambiguous_reads/mtstpEci45_unambiguous_2.fq kept:21728660 ambiguous:1308053
Writing output
Compressing output
