Working on mtstp5ii108_
	STAR --runMode alignReads --outSAMtype BAM Unsorted --runThreadN 20 --readFilesCommand zcat --genomeDir /home/jdubos2/mtstp/data/oe_genome/star_index --outFileNamePrefix /home/jdubos2/mtstp/data/oe_star_alignment_results/mtstp5ii108_ --readFilesIn /home/jdubos2/mtstp/data/raw_sequences/mtstp5ii108_1.fq.gz /home/jdubos2/mtstp/data/raw_sequences/mtstp5ii108_2.fq.gz --quantMode GeneCounts
	STAR version: 2.7.11a   compiled: 2023-08-15T11:38:34-04:00 :/home/dobin/data/STAR/STARcode/STAR.master/source
Sep 22 13:13:28 ..... started STAR run
Sep 22 13:13:28 ..... loading genome
Sep 22 13:13:29 ..... started mapping
Sep 22 20:05:17 ..... finished mapping
Sep 22 20:05:17 ..... finished successfully
Completed mtstp5ii108_
Working on mtstpAci74_
	STAR --runMode alignReads --outSAMtype BAM Unsorted --runThreadN 20 --readFilesCommand zcat --genomeDir /home/jdubos2/mtstp/data/oe_genome/star_index --outFileNamePrefix /home/jdubos2/mtstp/data/oe_star_alignment_results/mtstpAci74_ --readFilesIn /home/jdubos2/mtstp/data/raw_sequences/mtstpAci74_1.fq.gz /home/jdubos2/mtstp/data/raw_sequences/mtstpAci74_2.fq.gz --quantMode GeneCounts
	STAR version: 2.7.11a   compiled: 2023-08-15T11:38:34-04:00 :/home/dobin/data/STAR/STARcode/STAR.master/source
Sep 22 20:05:17 ..... started STAR run
Sep 22 20:05:17 ..... loading genome
Sep 22 20:05:19 ..... started mapping
Sep 23 01:44:08 ..... finished mapping
Sep 23 01:44:09 ..... finished successfully
Completed mtstpAci74_
Working on mtstpLci60_
	STAR --runMode alignReads --outSAMtype BAM Unsorted --runThreadN 20 --readFilesCommand zcat --genomeDir /home/jdubos2/mtstp/data/oe_genome/star_index --outFileNamePrefix /home/jdubos2/mtstp/data/oe_star_alignment_results/mtstpLci60_ --readFilesIn /home/jdubos2/mtstp/data/raw_sequences/mtstpLci60_1.fq.gz /home/jdubos2/mtstp/data/raw_sequences/mtstpLci60_2.fq.gz --quantMode GeneCounts
	STAR version: 2.7.11a   compiled: 2023-08-15T11:38:34-04:00 :/home/dobin/data/STAR/STARcode/STAR.master/source
Sep 23 01:44:09 ..... started STAR run
Sep 23 01:44:09 ..... loading genome
Sep 23 01:44:10 ..... started mapping
Sep 23 07:03:09 ..... finished mapping
Sep 23 07:03:10 ..... finished successfully
Completed mtstpLci60_
Working on mtstpLci64_
	STAR --runMode alignReads --outSAMtype BAM Unsorted --runThreadN 20 --readFilesCommand zcat --genomeDir /home/jdubos2/mtstp/data/oe_genome/star_index --outFileNamePrefix /home/jdubos2/mtstp/data/oe_star_alignment_results/mtstpLci64_ --readFilesIn /home/jdubos2/mtstp/data/raw_sequences/mtstpLci64_1.fq.gz /home/jdubos2/mtstp/data/raw_sequences/mtstpLci64_2.fq.gz --quantMode GeneCounts
	STAR version: 2.7.11a   compiled: 2023-08-15T11:38:34-04:00 :/home/dobin/data/STAR/STARcode/STAR.master/source
Sep 23 07:03:10 ..... started STAR run
Sep 23 07:03:10 ..... loading genome
Sep 23 07:03:11 ..... started mapping
Sep 23 11:03:36 ..... finished mapping
Sep 23 11:03:36 ..... finished successfully
Completed mtstpLci64_
Working on mtstpLii140_
	STAR --runMode alignReads --outSAMtype BAM Unsorted --runThreadN 20 --readFilesCommand zcat --genomeDir /home/jdubos2/mtstp/data/oe_genome/star_index --outFileNamePrefix /home/jdubos2/mtstp/data/oe_star_alignment_results/mtstpLii140_ --readFilesIn /home/jdubos2/mtstp/data/raw_sequences/mtstpLii140_1.fq.gz /home/jdubos2/mtstp/data/raw_sequences/mtstpLii140_2.fq.gz --quantMode GeneCounts
	STAR version: 2.7.11a   compiled: 2023-08-15T11:38:34-04:00 :/home/dobin/data/STAR/STARcode/STAR.master/source
Sep 23 11:03:36 ..... started STAR run
Sep 23 11:03:36 ..... loading genome
Sep 23 11:03:37 ..... started mapping
Sep 23 16:58:08 ..... finished mapping
Sep 23 16:58:08 ..... finished successfully
Completed mtstpLii140_
