Working on mtstpAci73
Total unique ids: 18919686
sample:/home/jdubos2/mtstp/data/unambiguous_reads/mtstpAci73_unambiguous_1.fq kept:18919686 ambiguous:1511346
Writing output
Compressing output
sample:/home/jdubos2/mtstp/data/unambiguous_reads/mtstpAci73_unambiguous_2.fq kept:18919686 ambiguous:1511346
Writing output
Compressing output
Working on mtstpLii141
Total unique ids: 20721478
sample:/home/jdubos2/mtstp/data/unambiguous_reads/mtstpLii141_unambiguous_1.fq kept:20721478 ambiguous:1714262
Writing output
Compressing output
sample:/home/jdubos2/mtstp/data/unambiguous_reads/mtstpLii141_unambiguous_2.fq kept:20721478 ambiguous:1714262
Writing output
Compressing output
Working on mtstpAii154
Total unique ids: 20118194
sample:/home/jdubos2/mtstp/data/unambiguous_reads/mtstpAii154_unambiguous_1.fq kept:20118194 ambiguous:1868279
Writing output
Compressing output
sample:/home/jdubos2/mtstp/data/unambiguous_reads/mtstpAii154_unambiguous_2.fq kept:20118194 ambiguous:1868279
Writing output
Compressing output
