Working on mtstp5ii105_
	STAR --runMode alignReads --outSAMtype BAM Unsorted --runThreadN 20 --readFilesCommand zcat --genomeDir /home/jdubos2/mtstp/data/oe_genome/star_index --outFileNamePrefix /home/jdubos2/mtstp/data/oe_star_alignment_results/mtstp5ii105_ --readFilesIn /home/jdubos2/mtstp/data/raw_sequences/mtstp5ii105_1.fq.gz /home/jdubos2/mtstp/data/raw_sequences/mtstp5ii105_2.fq.gz --quantMode GeneCounts
	STAR version: 2.7.11a   compiled: 2023-08-15T11:38:34-04:00 :/home/dobin/data/STAR/STARcode/STAR.master/source
Sep 19 17:23:24 ..... started STAR run
Sep 19 17:23:24 ..... loading genome
Sep 19 17:23:26 ..... started mapping
Sep 20 07:02:27 ..... finished mapping
Sep 20 07:02:28 ..... finished successfully
Completed mtstp5ii105_
Working on mtstp5ii107_
	STAR --runMode alignReads --outSAMtype BAM Unsorted --runThreadN 20 --readFilesCommand zcat --genomeDir /home/jdubos2/mtstp/data/oe_genome/star_index --outFileNamePrefix /home/jdubos2/mtstp/data/oe_star_alignment_results/mtstp5ii107_ --readFilesIn /home/jdubos2/mtstp/data/raw_sequences/mtstp5ii107_1.fq.gz /home/jdubos2/mtstp/data/raw_sequences/mtstp5ii107_2.fq.gz --quantMode GeneCounts
	STAR version: 2.7.11a   compiled: 2023-08-15T11:38:34-04:00 :/home/dobin/data/STAR/STARcode/STAR.master/source
Sep 20 07:02:28 ..... started STAR run
Sep 20 07:02:28 ..... loading genome
Sep 20 07:02:30 ..... started mapping
Sep 20 19:47:23 ..... finished mapping
Sep 20 19:47:23 ..... finished successfully
Completed mtstp5ii107_
Working on mtstp5ii108_
	STAR --runMode alignReads --outSAMtype BAM Unsorted --runThreadN 20 --readFilesCommand zcat --genomeDir /home/jdubos2/mtstp/data/oe_genome/star_index --outFileNamePrefix /home/jdubos2/mtstp/data/oe_star_alignment_results/mtstp5ii108_ --readFilesIn /home/jdubos2/mtstp/data/raw_sequences/mtstp5ii108_1.fq.gz /home/jdubos2/mtstp/data/raw_sequences/mtstp5ii108_2.fq.gz --quantMode GeneCounts
	STAR version: 2.7.11a   compiled: 2023-08-15T11:38:34-04:00 :/home/dobin/data/STAR/STARcode/STAR.master/source
Sep 20 19:47:23 ..... started STAR run
Sep 20 19:47:23 ..... loading genome
Sep 20 19:47:26 ..... started mapping
Sep 21 05:42:51 ..... finished mapping
Sep 21 05:42:52 ..... finished successfully
Completed mtstp5ii108_
Working on mtstp5ii109_
	STAR --runMode alignReads --outSAMtype BAM Unsorted --runThreadN 20 --readFilesCommand zcat --genomeDir /home/jdubos2/mtstp/data/oe_genome/star_index --outFileNamePrefix /home/jdubos2/mtstp/data/oe_star_alignment_results/mtstp5ii109_ --readFilesIn /home/jdubos2/mtstp/data/raw_sequences/mtstp5ii109_1.fq.gz /home/jdubos2/mtstp/data/raw_sequences/mtstp5ii109_2.fq.gz --quantMode GeneCounts
	STAR version: 2.7.11a   compiled: 2023-08-15T11:38:34-04:00 :/home/dobin/data/STAR/STARcode/STAR.master/source
Sep 21 05:42:52 ..... started STAR run
Sep 21 05:42:52 ..... loading genome
Sep 21 05:42:55 ..... started mapping
Sep 21 20:35:33 ..... finished mapping
Sep 21 20:35:33 ..... finished successfully
Completed mtstp5ii109_
Working on mtstp5ii112_
	STAR --runMode alignReads --outSAMtype BAM Unsorted --runThreadN 20 --readFilesCommand zcat --genomeDir /home/jdubos2/mtstp/data/oe_genome/star_index --outFileNamePrefix /home/jdubos2/mtstp/data/oe_star_alignment_results/mtstp5ii112_ --readFilesIn /home/jdubos2/mtstp/data/raw_sequences/mtstp5ii112_1.fq.gz /home/jdubos2/mtstp/data/raw_sequences/mtstp5ii112_2.fq.gz --quantMode GeneCounts
	STAR version: 2.7.11a   compiled: 2023-08-15T11:38:34-04:00 :/home/dobin/data/STAR/STARcode/STAR.master/source
Sep 21 20:35:34 ..... started STAR run
Sep 21 20:35:34 ..... loading genome
Sep 21 20:35:37 ..... started mapping
Sep 22 06:26:34 ..... finished mapping
Sep 22 06:26:34 ..... finished successfully
Completed mtstp5ii112_
